<?xml version="1.0" encoding="utf-8"?>
<TestRun id="ed229701-3c27-4123-b069-a1a62178f7ce" name="rodf@TARDIS 2026-09-19 19:30:27" runUser="TARDIS\rodf" xmlns="http://microsoft.com/schemas/VisualStudio/TeamTest/2010">
  <Times creation="2026-09-19T19:30:27.4498953-06:00" queuing="2026-09-19T19:30:27.4498956-06:00" start="2026-09-19T19:30:21.0409428-06:00" finish="2026-09-19T19:30:44.8332043-06:00" />
  <TestSettings name="default" id="b6d97148-964c-4869-b62c-cde62a42126f">
    <Deployment runDeploymentRoot="rodf_TARDIS_2026-09-19_19_30_27" />
  </TestSettings>
  <Results>
    <UnitTestResult executionId="94c0afa1-9794-4218-a7c4-b9cdcadd08fd" testId="2ab58350-cd62-fe78-913e-a3059c8f5f98" testName="CarvedRock.InnerLoop.WebApp.Tests.CartPageTests.GetCartPageAsAnonymousRedirectsToSignIn" computerName="TARDIS" duration="00:00:00.4632581" startTime="2026-09-19T19:30:36.0151402-06:00" endTime="2026-09-19T19:30:36.4794923-06:00" testType="13cdc9d9-ddb5-4fa4-a97d-d965ccfc6d4b" outcome="Passed" testListId="8c84fa94-04c1-424b-9868-57a2d4851a1d" relativeResultsDirectory="94c0afa1-9794-4218-a7c4-b9cdcadd08fd" />
    <UnitTestResult executionId="2686d3c6-ce2e-419a-98b3-0579b30e457b" testId="1ab353a9-9645-2912-b656-1f6ce948925d" testName="CarvedRock.InnerLoop.WebApp.Tests.ListingPageTests.GetListingPage(category: &quot;kayak&quot;)" computerName="TARDIS" duration="00:00:00.0190927" startTime="2026-09-19T19:30:31.0221629-06:00" endTime="2026-09-19T19:30:31.0407578-06:00" testType="13cdc9d9-ddb5-4fa4-a97d-d965ccfc6d4b" outcome="Passed" testListId="8c84fa94-04c1-424b-9868-57a2d4851a1d" relativeResultsDirectory="2686d3c6-ce2e-419a-98b3-0579b30e457b">
      <Output>
        <StdOut>&lt;body&gt;
    &lt;div b-veftjlzp7g="" class="crf"&gt;
    &lt;!-- NAVIGATION --&gt;
    &lt;nav b-veftjlzp7g="" class="navbar navbar-expand flex-column flex-md-row header-nav--nav"&gt;
        &lt;div b-veftjlzp7g="" class="container"&gt;
            &lt;div b-veftjlzp7g="" class="d-md-flex justify-content-between"&gt;
                &lt;div b-veftjlzp7g="" class="navbar-brand d-flex justify-content-between align-items-center"&gt;
                    &lt;a b-veftjlzp7g="" href="/"&gt;&lt;img b-veftjlzp7g="" alt="Carved Rock Fitness" src="https://www.pluralsight.com/content/dam/pluralsight2/teach/author-tools/carved-rock-fitness/logos/carved-rock-logo.png"&gt;&lt;/a&gt; &lt;button b-veftjlzp7g="" aria-controls="navbarNav" aria-expanded="false" aria-label="Toggle navigation" class="navbar-toggle" data-target="#navbarNav" data-toggle="collapse" type="button"&gt;&lt;span b-veftjlzp7g="" class="icon-bar"&gt;&lt;/span&gt;&lt;span b-veftjlzp7g="" class="icon-bar"&gt;&lt;/span&gt;&lt;span b-veftjlzp7g="" class="icon-bar"&gt;&lt;/span&gt;&lt;/button&gt;
                &lt;/div&gt;
                &lt;div b-veftjlzp7g="" class="collapse navbar-collapse justify-content-center align-items-center" id="navbarNav"&gt;
                    &lt;div b-veftjlzp7g="" class="header-nav--main"&gt;                       
                        &lt;ul b-veftjlzp7g="" class="navbar-nav"&gt;                            
                            &lt;li b-veftjlzp7g="" class="nav-item"&gt;&lt;a b-veftjlzp7g="" class="nav-link orange-border" href="/Listing?cat=boots"&gt;Footwear&lt;/a&gt;&lt;/li&gt;
                            &lt;li b-veftjlzp7g="" class="nav-item"&gt;&lt;a b-veftjlzp7g="" class="nav-link orange-border" href="/Listing?cat=kayak"&gt;Kayaks&lt;/a&gt;&lt;/li&gt;
                            &lt;li b-veftjlzp7g="" class="nav-item"&gt;&lt;a b-veftjlzp7g="" class="nav-link orange-border" href="/Listing?cat=equip"&gt;Equipment&lt;/a&gt;&lt;/li&gt;
                            &lt;li b-veftjlzp7g="" class="nav-item"&gt;&lt;a b-veftjlzp7g="" class="nav-link orange-border" href="/Cart" id="carvedrockcart"&gt;Cart&lt;/a&gt;&lt;/li&gt;
                        &lt;/ul&gt;
                    &lt;/div&gt;
                    &lt;div b-veftjlzp7g="" class="header-nav--utilities d-flex align-items-center justify-content-end flex-row-reverse flex-row flex-md-row"&gt;
                       &lt;ul b-veftjlzp7g="" class="navbar-nav"&gt;
                           &lt;li b-veftjlzp7g="" class="nav-item"&gt;&lt;a b-veftjlzp7g="" class="nav-link" style="padding-right:20px;" target="_blank" href="https://demo.duendesoftware.com"&gt;IdSrv&lt;/a&gt;&lt;/li&gt;
                       &lt;/ul&gt;
                       &lt;ul class="navbar-nav"&gt;
        &lt;li class="nav-item"&gt;
            &lt;a class="nav-link text-dark" style="font-weight:bold;" href="/Login?ReturnUrl=/listing?cat=kayak"&gt;Sign in&lt;/a&gt;
        &lt;/li&gt;
&lt;/ul&gt;
                       
                    &lt;/div&gt;
                &lt;/div&gt;
            &lt;/div&gt;
        &lt;/div&gt;
    &lt;/nav&gt;   
    &lt;div b-veftjlzp7g="" style="padding-left:30px;padding-right:30px;"&gt;
            
&lt;script type="text/javascript"&gt;
    function addItemToCart(productIdToAdd) {
        var cookieString = getCookie("carvedrock-cart");  // defined in layout page
        var cartLink = document.getElementById("carvedrockcart");

        if (cookieString == "") {
            var propName = "product-" + productIdToAdd;
            var cookieData = [];
            cookieData.push({id: productIdToAdd, quantity: 1})
        } else {
            var decodedCookieData = cookieString;
            console.log(cookieString);

            var cookieData = JSON.parse(decodedCookieData);
            var itemToUpdate = cookieData.find(n =&gt; n.id === productIdToAdd);
            if (itemToUpdate == undefined) {
                cookieData.push({id: productIdToAdd, quantity: 1});
            } else {
                var itemAlreadyInCart = cookieData.findIndex(n =&gt; n.id === productIdToAdd);
                cookieData[itemAlreadyInCart] = { id: productIdToAdd, quantity: itemToUpdate.quantity + 1 };
            }            
        }
        console.log(JSON.stringify(cookieData));
        setCookie("carvedrock-cart", encodeURIComponent(JSON.stringify(cookieData)));
        setCartCount(); // defined in layout page        
    }
    function setCookie(cname, cvalue) {
        document.cookie = cname + "=" + cvalue + ";path=/;SameSite=Lax";
    }   
&lt;/script&gt;

&lt;h1&gt;Kayak&lt;/h1&gt;

&lt;table class="table"&gt;
    &lt;thead&gt;
    &lt;tr&gt;
        &lt;th&gt;Name&lt;/th&gt;
        &lt;th class="d-flex justify-content-center"&gt;Description&lt;/th&gt;
        &lt;th&gt;Price&lt;/th&gt;
    &lt;/tr&gt;
    &lt;/thead&gt;
    &lt;tbody&gt;
        &lt;tr&gt;
            &lt;td&gt;
                &lt;img src="https://picsum.photos/640/480/?image=848" alt="Refined Frozen Bike" height="100" width="100"&gt;
                &lt;br&gt;
                Refined Frozen Bike
            &lt;/td&gt;
            &lt;td&gt;
                The slim &amp;amp; simple Maple Gaming Keyboard from Dev Byte comes with a sleek body and 7- Color RGB LED Back-lighting for smart functionality
            &lt;/td&gt;
            &lt;td&gt;
                251.99410584780955               
            &lt;/td&gt;
            &lt;td&gt;
                &lt;button id="add-btn-1" name="add-to-cart" type="button" class="btn btn-warning" onclick="addItemToCart(1)"&gt;Add to Cart&lt;/button&gt;
            &lt;/td&gt;
        &lt;/tr&gt;
        &lt;tr&gt;
            &lt;td&gt;
                &lt;img src="https://picsum.photos/640/480/?image=397" alt="Licensed Concrete Chicken" height="100" width="100"&gt;
                &lt;br&gt;
                Licensed Concrete Chicken
            &lt;/td&gt;
            &lt;td&gt;
                Andy shoes are designed to keeping in mind durability as well as trends, the most stylish range of shoes &amp;amp; sandals
            &lt;/td&gt;
            &lt;td&gt;
                914.081773899466               
            &lt;/td&gt;
            &lt;td&gt;
                &lt;button id="add-btn-3" name="add-to-cart" type="button" class="btn btn-warning" onclick="addItemToCart(3)"&gt;Add to Cart&lt;/button&gt;
            &lt;/td&gt;
        &lt;/tr&gt;
        &lt;tr&gt;
            &lt;td&gt;
                &lt;img src="https://picsum.photos/640/480/?image=520" alt="Awesome Metal Soap" height="100" width="100"&gt;
                &lt;br&gt;
                Awesome Metal Soap
            &lt;/td&gt;
            &lt;td&gt;
                Ergonomic executive chair upholstered in bonded black leather and PVC padded seat and back for all-day comfort and support
            &lt;/td&gt;
            &lt;td&gt;
                786.067151077867               
            &lt;/td&gt;
            &lt;td&gt;
                &lt;button id="add-btn-7" name="add-to-cart" type="button" class="btn btn-warning" onclick="addItemToCart(7)"&gt;Add to Cart&lt;/button&gt;
            &lt;/td&gt;
        &lt;/tr&gt;
        &lt;tr&gt;
            &lt;td&gt;
                &lt;img src="https://picsum.photos/640/480/?image=77" alt="Unbranded Concrete Bike" height="100" width="100"&gt;
                &lt;br&gt;
                Unbranded Concrete Bike
            &lt;/td&gt;
            &lt;td&gt;
                New ABC 13 9370, 13.3, 5th Gen CoreA5-8250U, 8GB RAM, 256GB SSD, power UHD Graphics, OS 10 Home, OS Office A &amp;amp; J 2016
            &lt;/td&gt;
            &lt;td&gt;
                956.0540802134116               
            &lt;/td&gt;
            &lt;td&gt;
                &lt;button id="add-btn-9" name="add-to-cart" type="button" class="btn btn-warning" onclick="addItemToCart(9)"&gt;Add to Cart&lt;/button&gt;
            &lt;/td&gt;
        &lt;/tr&gt;
        &lt;tr&gt;
            &lt;td&gt;
                &lt;img src="https://picsum.photos/640/480/?image=147" alt="Incredible Frozen Salad" height="100" width="100"&gt;
                &lt;br&gt;
                Incredible Frozen Salad
            &lt;/td&gt;
            &lt;td&gt;
                Carbonite web goalkeeper gloves are ergonomically designed to give easy fit
            &lt;/td&gt;
            &lt;td&gt;
                647.8884207840507               
            &lt;/td&gt;
            &lt;td&gt;
                &lt;button id="add-btn-10" name="add-to-cart" type="button" class="btn btn-warning" onclick="addItemToCart(10)"&gt;Add to Cart&lt;/button&gt;
            &lt;/td&gt;
        &lt;/tr&gt;
    &lt;/tbody&gt;
&lt;/table&gt;


    &lt;/div&gt;

    &lt;footer b-veftjlzp7g="" class="d-flex justify-content-stretch"&gt;
        &lt;div b-veftjlzp7g="" class="crf-footer--category"&gt;
            &lt;div b-veftjlzp7g="" class="container"&gt;
                &lt;div b-veftjlzp7g="" class="row row d-md-flex justify-content-between flex-sm-column flex-lg-row"&gt;
                    &lt;div b-veftjlzp7g="" class="crf-footer--links active"&gt;
                        &lt;div b-veftjlzp7g="" class="crf-footer--header text-primary"&gt;Customer Support&lt;/div&gt;
                        &lt;ul b-veftjlzp7g=""&gt;
                            &lt;li b-veftjlzp7g=""&gt;&lt;a b-veftjlzp7g="" href="#"&gt;Contact Us&lt;/a&gt;&lt;/li&gt;
                            &lt;li b-veftjlzp7g=""&gt;&lt;a b-veftjlzp7g="" href="#"&gt;Order Tracker&lt;/a&gt;&lt;/li&gt;
                            &lt;li b-veftjlzp7g=""&gt;&lt;a b-veftjlzp7g="" href="#"&gt;Returns &amp;amp; Refunds&lt;/a&gt;&lt;/li&gt;
                            &lt;li b-veftjlzp7g=""&gt;&lt;a b-veftjlzp7g="" href="#"&gt;Size Guide&lt;/a&gt;&lt;/li&gt;
                            &lt;li b-veftjlzp7g=""&gt;&lt;a b-veftjlzp7g="" href="#"&gt;Store Locator&lt;/a&gt;&lt;/li&gt;
                            &lt;li b-veftjlzp7g=""&gt;&lt;a b-veftjlzp7g="" href="#"&gt;Site Map&lt;/a&gt;&lt;/li&gt;
                        &lt;/ul&gt;
                    &lt;/div&gt;
                    &lt;div b-veftjlzp7g="" class="crf-footer--links"&gt;
                        &lt;div b-veftjlzp7g="" class="crf-footer--header text-primary"&gt;Company Info&lt;/div&gt;
                        &lt;ul b-veftjlzp7g=""&gt;
                            &lt;li b-veftjlzp7g=""&gt;&lt;a b-veftjlzp7g="" href="#"&gt;About Us&lt;/a&gt;&lt;/li&gt;
                            &lt;li b-veftjlzp7g=""&gt;&lt;a b-veftjlzp7g="" href="#"&gt;Careers&lt;/a&gt;&lt;/li&gt;
                            &lt;li b-veftjlzp7g=""&gt;&lt;a b-veftjlzp7g="" href="#"&gt;Press&lt;/a&gt;&lt;/li&gt;
                            &lt;li b-veftjlzp7g=""&gt;&lt;a b-veftjlzp7g="" href="#"&gt;Sustainability&lt;/a&gt;&lt;/li&gt;
                            &lt;li b-veftjlzp7g=""&gt;&lt;a b-veftjlzp7g="" href="#"&gt;Affiliates&lt;/a&gt;&lt;/li&gt;
                            &lt;li b-veftjlzp7g=""&gt;&lt;a b-veftjlzp7g="" href="#"&gt;Students&lt;/a&gt;&lt;/li&gt;
                            &lt;li b-veftjlzp7g=""&gt;&lt;a b-veftjlzp7g="" href="#"&gt;Mobile Apps&lt;/a&gt;&lt;/li&gt;
                        &lt;/ul&gt;
                    &lt;/div&gt;
                    &lt;div b-veftjlzp7g="" class="crf-footer--links"&gt;
                        &lt;div b-veftjlzp7g="" class="crf-footer--header text-primary"&gt;Privacy &amp;amp; Terms&lt;/div&gt;
                        &lt;ul b-veftjlzp7g=""&gt;
                            &lt;li b-veftjlzp7g=""&gt;&lt;a b-veftjlzp7g="" href="#"&gt;Privacy &amp;amp; Security&lt;/a&gt;&lt;/li&gt;
                            &lt;li b-veftjlzp7g=""&gt;&lt;a b-veftjlzp7g="" href="#"&gt;Statement&lt;/a&gt;&lt;/li&gt;
                            &lt;li b-veftjlzp7g=""&gt;&lt;a b-veftjlzp7g="" href="#"&gt;Terms &amp;amp; Conditions&lt;/a&gt;&lt;/li&gt;
                        &lt;/ul&gt;
                    &lt;/div&gt;
                    &lt;div b-veftjlzp7g="" class="crf-footer--links crf-footer--social"&gt;
                        &lt;div b-veftjlzp7g="" class="crf-footer--header text-primary d-lg-block  d-none d-sm-none"&gt;Follow Us&lt;/div&gt;
                        &lt;ul b-veftjlzp7g="" class="d-lg-block  d-none d-sm-none"&gt;
                            &lt;li b-veftjlzp7g=""&gt;&lt;a b-veftjlzp7g="" href="#" class="crf-footer--icon twitter"&gt;&lt;/a&gt;&lt;/li&gt;
                            &lt;li b-veftjlzp7g=""&gt;&lt;a b-veftjlzp7g="" href="#" class="crf-footer--icon facebook"&gt;&lt;/a&gt;&lt;/li&gt;
                            &lt;li b-veftjlzp7g=""&gt;&lt;a b-veftjlzp7g="" href="#" class="crf-footer--icon pinterest"&gt;&lt;/a&gt;&lt;/li&gt;
                            &lt;li b-veftjlzp7g=""&gt;&lt;a b-veftjlzp7g="" href="#" class="crf-footer--icon instagram"&gt;&lt;/a&gt;&lt;/li&gt;
                            &lt;li b-veftjlzp7g=""&gt;&lt;a b-veftjlzp7g="" href="#" class="crf-footer--icon googleplus"&gt;&lt;/a&gt;&lt;/li&gt;
                        &lt;/ul&gt;
                        &lt;div b-veftjlzp7g="" class="crf-footer--newsletter"&gt;
                            &lt;div b-veftjlzp7g="" class="crf-footer--header"&gt;Email Updates&lt;/div&gt;
                            &lt;div b-veftjlzp7g="" class="crf-footer--subheader"&gt;Exclusive sales, special offers, and more.&lt;/div&gt;
                            &lt;input b-veftjlzp7g="" type="text" class="form-control" placeholder="Enter email address"&gt;
                            &lt;button b-veftjlzp7g="" class="btn btn-primary"&gt;Sign up&lt;/button&gt;
                        &lt;/div&gt;
                    &lt;/div&gt;
                    &lt;div b-veftjlzp7g="" class="crf-footer--links crf-footer-m--social d-block   d-lg-none"&gt;
                        &lt;div b-veftjlzp7g="" class="crf-footer--header text-primary"&gt;Follow Us&lt;/div&gt;
                        &lt;ul b-veftjlzp7g=""&gt;
                            &lt;li b-veftjlzp7g=""&gt;&lt;a b-veftjlzp7g="" href="#" class="crf-footer--icon twitter"&gt;&lt;/a&gt;&lt;/li&gt;
                            &lt;li b-veftjlzp7g=""&gt;&lt;a b-veftjlzp7g="" href="#" class="crf-footer--icon facebook"&gt;&lt;/a&gt;&lt;/li&gt;
                            &lt;li b-veftjlzp7g=""&gt;&lt;a b-veftjlzp7g="" href="#" class="crf-footer--icon pinterest"&gt;&lt;/a&gt;&lt;/li&gt;
                            &lt;li b-veftjlzp7g=""&gt;&lt;a b-veftjlzp7g="" href="#" class="crf-footer--icon instagram"&gt;&lt;/a&gt;&lt;/li&gt;
                            &lt;li b-veftjlzp7g=""&gt;&lt;a b-veftjlzp7g="" href="#" class="crf-footer--icon googleplus"&gt;&lt;/a&gt;&lt;/li&gt;
                        &lt;/ul&gt;
                    &lt;/div&gt;
                &lt;/div&gt;
            &lt;/div&gt;
        &lt;/div&gt;
        &lt;div b-veftjlzp7g="" class="crf-footer--logo d-flex"&gt;
            &lt;div b-veftjlzp7g="" class="container justify-content-start align-items-center d-flex flex-column"&gt;
                &lt;img b-veftjlzp7g="" src="https://www.pluralsight.com/content/dam/pluralsight2/teach/author-tools/carved-rock-fitness/logos/pluralsight-white.png"&gt;
                &lt;div b-veftjlzp7g=""&gt;This site is created for demonstrative purposes only and does not offer any real products or services.&lt;/div&gt;
            &lt;/div&gt;
        &lt;/div&gt;
        &lt;div b-veftjlzp7g="" class="crf-footer--copyright text-primary"&gt;@Pluralsight 2024&lt;/div&gt;
    &lt;/footer&gt;
&lt;/div&gt;


&lt;script type="text/javascript"&gt;
    (function () {
        setCartCount();
    })();
&lt;/script&gt;

&lt;/body&gt;</StdOut>
      </Output>
    </UnitTestResult>
    <UnitTestResult executionId="98846308-a155-4cd9-9bc6-a167e8f3b0e0" testId="793114bc-5556-b98a-bd80-bc4fca623d43" testName="CarvedRock.InnerLoop.WebApp.Tests.ListingPageTests.GetListingPage(category: &quot;equip&quot;)" computerName="TARDIS" duration="00:00:00.0241577" startTime="2026-09-19T19:30:31.0508046-06:00" endTime="2026-09-19T19:30:31.0753795-06:00" testType="13cdc9d9-ddb5-4fa4-a97d-d965ccfc6d4b" outcome="Passed" testListId="8c84fa94-04c1-424b-9868-57a2d4851a1d" relativeResultsDirectory="98846308-a155-4cd9-9bc6-a167e8f3b0e0">
      <Output>
        <StdOut>&lt;body&gt;
    &lt;div b-veftjlzp7g="" class="crf"&gt;
    &lt;!-- NAVIGATION --&gt;
    &lt;nav b-veftjlzp7g="" class="navbar navbar-expand flex-column flex-md-row header-nav--nav"&gt;
        &lt;div b-veftjlzp7g="" class="container"&gt;
            &lt;div b-veftjlzp7g="" class="d-md-flex justify-content-between"&gt;
                &lt;div b-veftjlzp7g="" class="navbar-brand d-flex justify-content-between align-items-center"&gt;
                    &lt;a b-veftjlzp7g="" href="/"&gt;&lt;img b-veftjlzp7g="" alt="Carved Rock Fitness" src="https://www.pluralsight.com/content/dam/pluralsight2/teach/author-tools/carved-rock-fitness/logos/carved-rock-logo.png"&gt;&lt;/a&gt; &lt;button b-veftjlzp7g="" aria-controls="navbarNav" aria-expanded="false" aria-label="Toggle navigation" class="navbar-toggle" data-target="#navbarNav" data-toggle="collapse" type="button"&gt;&lt;span b-veftjlzp7g="" class="icon-bar"&gt;&lt;/span&gt;&lt;span b-veftjlzp7g="" class="icon-bar"&gt;&lt;/span&gt;&lt;span b-veftjlzp7g="" class="icon-bar"&gt;&lt;/span&gt;&lt;/button&gt;
                &lt;/div&gt;
                &lt;div b-veftjlzp7g="" class="collapse navbar-collapse justify-content-center align-items-center" id="navbarNav"&gt;
                    &lt;div b-veftjlzp7g="" class="header-nav--main"&gt;                       
                        &lt;ul b-veftjlzp7g="" class="navbar-nav"&gt;                            
                            &lt;li b-veftjlzp7g="" class="nav-item"&gt;&lt;a b-veftjlzp7g="" class="nav-link orange-border" href="/Listing?cat=boots"&gt;Footwear&lt;/a&gt;&lt;/li&gt;
                            &lt;li b-veftjlzp7g="" class="nav-item"&gt;&lt;a b-veftjlzp7g="" class="nav-link orange-border" href="/Listing?cat=kayak"&gt;Kayaks&lt;/a&gt;&lt;/li&gt;
                            &lt;li b-veftjlzp7g="" class="nav-item"&gt;&lt;a b-veftjlzp7g="" class="nav-link orange-border" href="/Listing?cat=equip"&gt;Equipment&lt;/a&gt;&lt;/li&gt;
                            &lt;li b-veftjlzp7g="" class="nav-item"&gt;&lt;a b-veftjlzp7g="" class="nav-link orange-border" href="/Cart" id="carvedrockcart"&gt;Cart&lt;/a&gt;&lt;/li&gt;
                        &lt;/ul&gt;
                    &lt;/div&gt;
                    &lt;div b-veftjlzp7g="" class="header-nav--utilities d-flex align-items-center justify-content-end flex-row-reverse flex-row flex-md-row"&gt;
                       &lt;ul b-veftjlzp7g="" class="navbar-nav"&gt;
                           &lt;li b-veftjlzp7g="" class="nav-item"&gt;&lt;a b-veftjlzp7g="" class="nav-link" style="padding-right:20px;" target="_blank" href="https://demo.duendesoftware.com"&gt;IdSrv&lt;/a&gt;&lt;/li&gt;
                       &lt;/ul&gt;
                       &lt;ul class="navbar-nav"&gt;
        &lt;li class="nav-item"&gt;
            &lt;a class="nav-link text-dark" style="font-weight:bold;" href="/Login?ReturnUrl=/listing?cat=equip"&gt;Sign in&lt;/a&gt;
        &lt;/li&gt;
&lt;/ul&gt;
                       
                    &lt;/div&gt;
                &lt;/div&gt;
            &lt;/div&gt;
        &lt;/div&gt;
    &lt;/nav&gt;   
    &lt;div b-veftjlzp7g="" style="padding-left:30px;padding-right:30px;"&gt;
            
&lt;script type="text/javascript"&gt;
    function addItemToCart(productIdToAdd) {
        var cookieString = getCookie("carvedrock-cart");  // defined in layout page
        var cartLink = document.getElementById("carvedrockcart");

        if (cookieString == "") {
            var propName = "product-" + productIdToAdd;
            var cookieData = [];
            cookieData.push({id: productIdToAdd, quantity: 1})
        } else {
            var decodedCookieData = cookieString;
            console.log(cookieString);

            var cookieData = JSON.parse(decodedCookieData);
            var itemToUpdate = cookieData.find(n =&gt; n.id === productIdToAdd);
            if (itemToUpdate == undefined) {
                cookieData.push({id: productIdToAdd, quantity: 1});
            } else {
                var itemAlreadyInCart = cookieData.findIndex(n =&gt; n.id === productIdToAdd);
                cookieData[itemAlreadyInCart] = { id: productIdToAdd, quantity: itemToUpdate.quantity + 1 };
            }            
        }
        console.log(JSON.stringify(cookieData));
        setCookie("carvedrock-cart", encodeURIComponent(JSON.stringify(cookieData)));
        setCartCount(); // defined in layout page        
    }
    function setCookie(cname, cvalue) {
        document.cookie = cname + "=" + cvalue + ";path=/;SameSite=Lax";
    }   
&lt;/script&gt;

&lt;h1&gt;Equip&lt;/h1&gt;

&lt;table class="table"&gt;
    &lt;thead&gt;
    &lt;tr&gt;
        &lt;th&gt;Name&lt;/th&gt;
        &lt;th class="d-flex justify-content-center"&gt;Description&lt;/th&gt;
        &lt;th&gt;Price&lt;/th&gt;
    &lt;/tr&gt;
    &lt;/thead&gt;
    &lt;tbody&gt;
        &lt;tr&gt;
            &lt;td&gt;
                &lt;img src="https://picsum.photos/640/480/?image=1034" alt="Handmade Granite Chips" height="100" width="100"&gt;
                &lt;br&gt;
                Handmade Granite Chips
            &lt;/td&gt;
            &lt;td&gt;
                The slim &amp;amp; simple Maple Gaming Keyboard from Dev Byte comes with a sleek body and 7- Color RGB LED Back-lighting for smart functionality
            &lt;/td&gt;
            &lt;td&gt;
                52.28086038180166               
            &lt;/td&gt;
            &lt;td&gt;
                &lt;button id="add-btn-2" name="add-to-cart" type="button" class="btn btn-warning" onclick="addItemToCart(2)"&gt;Add to Cart&lt;/button&gt;
            &lt;/td&gt;
        &lt;/tr&gt;
        &lt;tr&gt;
            &lt;td&gt;
                &lt;img src="https://picsum.photos/640/480/?image=536" alt="Tasty Cotton Sausages" height="100" width="100"&gt;
                &lt;br&gt;
                Tasty Cotton Sausages
            &lt;/td&gt;
            &lt;td&gt;
                The Apollotech B340 is an affordable wireless mouse with reliable connectivity, 12 months battery life and modern design
            &lt;/td&gt;
            &lt;td&gt;
                372.25869965490637               
            &lt;/td&gt;
            &lt;td&gt;
                &lt;button id="add-btn-4" name="add-to-cart" type="button" class="btn btn-warning" onclick="addItemToCart(4)"&gt;Add to Cart&lt;/button&gt;
            &lt;/td&gt;
        &lt;/tr&gt;
        &lt;tr&gt;
            &lt;td&gt;
                &lt;img src="https://picsum.photos/640/480/?image=1038" alt="Sleek Cotton Shirt" height="100" width="100"&gt;
                &lt;br&gt;
                Sleek Cotton Shirt
            &lt;/td&gt;
            &lt;td&gt;
                Boston's most advanced compression wear technology increases muscle oxygenation, stabilizes active muscles
            &lt;/td&gt;
            &lt;td&gt;
                540.8146052053233               
            &lt;/td&gt;
            &lt;td&gt;
                &lt;button id="add-btn-5" name="add-to-cart" type="button" class="btn btn-warning" onclick="addItemToCart(5)"&gt;Add to Cart&lt;/button&gt;
            &lt;/td&gt;
        &lt;/tr&gt;
        &lt;tr&gt;
            &lt;td&gt;
                &lt;img src="https://picsum.photos/640/480/?image=135" alt="Incredible Fresh Computer" height="100" width="100"&gt;
                &lt;br&gt;
                Incredible Fresh Computer
            &lt;/td&gt;
            &lt;td&gt;
                The automobile layout consists of a front-engine design, with transaxle-type transmissions mounted at the rear of the engine and four wheel drive
            &lt;/td&gt;
            &lt;td&gt;
                116.67030309997358               
            &lt;/td&gt;
            &lt;td&gt;
                &lt;button id="add-btn-6" name="add-to-cart" type="button" class="btn btn-warning" onclick="addItemToCart(6)"&gt;Add to Cart&lt;/button&gt;
            &lt;/td&gt;
        &lt;/tr&gt;
    &lt;/tbody&gt;
&lt;/table&gt;


    &lt;/div&gt;

    &lt;footer b-veftjlzp7g="" class="d-flex justify-content-stretch"&gt;
        &lt;div b-veftjlzp7g="" class="crf-footer--category"&gt;
            &lt;div b-veftjlzp7g="" class="container"&gt;
                &lt;div b-veftjlzp7g="" class="row row d-md-flex justify-content-between flex-sm-column flex-lg-row"&gt;
                    &lt;div b-veftjlzp7g="" class="crf-footer--links active"&gt;
                        &lt;div b-veftjlzp7g="" class="crf-footer--header text-primary"&gt;Customer Support&lt;/div&gt;
                        &lt;ul b-veftjlzp7g=""&gt;
                            &lt;li b-veftjlzp7g=""&gt;&lt;a b-veftjlzp7g="" href="#"&gt;Contact Us&lt;/a&gt;&lt;/li&gt;
                            &lt;li b-veftjlzp7g=""&gt;&lt;a b-veftjlzp7g="" href="#"&gt;Order Tracker&lt;/a&gt;&lt;/li&gt;
                            &lt;li b-veftjlzp7g=""&gt;&lt;a b-veftjlzp7g="" href="#"&gt;Returns &amp;amp; Refunds&lt;/a&gt;&lt;/li&gt;
                            &lt;li b-veftjlzp7g=""&gt;&lt;a b-veftjlzp7g="" href="#"&gt;Size Guide&lt;/a&gt;&lt;/li&gt;
                            &lt;li b-veftjlzp7g=""&gt;&lt;a b-veftjlzp7g="" href="#"&gt;Store Locator&lt;/a&gt;&lt;/li&gt;
                            &lt;li b-veftjlzp7g=""&gt;&lt;a b-veftjlzp7g="" href="#"&gt;Site Map&lt;/a&gt;&lt;/li&gt;
                        &lt;/ul&gt;
                    &lt;/div&gt;
                    &lt;div b-veftjlzp7g="" class="crf-footer--links"&gt;
                        &lt;div b-veftjlzp7g="" class="crf-footer--header text-primary"&gt;Company Info&lt;/div&gt;
                        &lt;ul b-veftjlzp7g=""&gt;
                            &lt;li b-veftjlzp7g=""&gt;&lt;a b-veftjlzp7g="" href="#"&gt;About Us&lt;/a&gt;&lt;/li&gt;
                            &lt;li b-veftjlzp7g=""&gt;&lt;a b-veftjlzp7g="" href="#"&gt;Careers&lt;/a&gt;&lt;/li&gt;
                            &lt;li b-veftjlzp7g=""&gt;&lt;a b-veftjlzp7g="" href="#"&gt;Press&lt;/a&gt;&lt;/li&gt;
                            &lt;li b-veftjlzp7g=""&gt;&lt;a b-veftjlzp7g="" href="#"&gt;Sustainability&lt;/a&gt;&lt;/li&gt;
                            &lt;li b-veftjlzp7g=""&gt;&lt;a b-veftjlzp7g="" href="#"&gt;Affiliates&lt;/a&gt;&lt;/li&gt;
                            &lt;li b-veftjlzp7g=""&gt;&lt;a b-veftjlzp7g="" href="#"&gt;Students&lt;/a&gt;&lt;/li&gt;
                            &lt;li b-veftjlzp7g=""&gt;&lt;a b-veftjlzp7g="" href="#"&gt;Mobile Apps&lt;/a&gt;&lt;/li&gt;
                        &lt;/ul&gt;
                    &lt;/div&gt;
                    &lt;div b-veftjlzp7g="" class="crf-footer--links"&gt;
                        &lt;div b-veftjlzp7g="" class="crf-footer--header text-primary"&gt;Privacy &amp;amp; Terms&lt;/div&gt;
                        &lt;ul b-veftjlzp7g=""&gt;
                            &lt;li b-veftjlzp7g=""&gt;&lt;a b-veftjlzp7g="" href="#"&gt;Privacy &amp;amp; Security&lt;/a&gt;&lt;/li&gt;
                            &lt;li b-veftjlzp7g=""&gt;&lt;a b-veftjlzp7g="" href="#"&gt;Statement&lt;/a&gt;&lt;/li&gt;
                            &lt;li b-veftjlzp7g=""&gt;&lt;a b-veftjlzp7g="" href="#"&gt;Terms &amp;amp; Conditions&lt;/a&gt;&lt;/li&gt;
                        &lt;/ul&gt;
                    &lt;/div&gt;
                    &lt;div b-veftjlzp7g="" class="crf-footer--links crf-footer--social"&gt;
                        &lt;div b-veftjlzp7g="" class="crf-footer--header text-primary d-lg-block  d-none d-sm-none"&gt;Follow Us&lt;/div&gt;
                        &lt;ul b-veftjlzp7g="" class="d-lg-block  d-none d-sm-none"&gt;
                            &lt;li b-veftjlzp7g=""&gt;&lt;a b-veftjlzp7g="" href="#" class="crf-footer--icon twitter"&gt;&lt;/a&gt;&lt;/li&gt;
                            &lt;li b-veftjlzp7g=""&gt;&lt;a b-veftjlzp7g="" href="#" class="crf-footer--icon facebook"&gt;&lt;/a&gt;&lt;/li&gt;
                            &lt;li b-veftjlzp7g=""&gt;&lt;a b-veftjlzp7g="" href="#" class="crf-footer--icon pinterest"&gt;&lt;/a&gt;&lt;/li&gt;
                            &lt;li b-veftjlzp7g=""&gt;&lt;a b-veftjlzp7g="" href="#" class="crf-footer--icon instagram"&gt;&lt;/a&gt;&lt;/li&gt;
                            &lt;li b-veftjlzp7g=""&gt;&lt;a b-veftjlzp7g="" href="#" class="crf-footer--icon googleplus"&gt;&lt;/a&gt;&lt;/li&gt;
                        &lt;/ul&gt;
                        &lt;div b-veftjlzp7g="" class="crf-footer--newsletter"&gt;
                            &lt;div b-veftjlzp7g="" class="crf-footer--header"&gt;Email Updates&lt;/div&gt;
                            &lt;div b-veftjlzp7g="" class="crf-footer--subheader"&gt;Exclusive sales, special offers, and more.&lt;/div&gt;
                            &lt;input b-veftjlzp7g="" type="text" class="form-control" placeholder="Enter email address"&gt;
                            &lt;button b-veftjlzp7g="" class="btn btn-primary"&gt;Sign up&lt;/button&gt;
                        &lt;/div&gt;
                    &lt;/div&gt;
                    &lt;div b-veftjlzp7g="" class="crf-footer--links crf-footer-m--social d-block   d-lg-none"&gt;
                        &lt;div b-veftjlzp7g="" class="crf-footer--header text-primary"&gt;Follow Us&lt;/div&gt;
                        &lt;ul b-veftjlzp7g=""&gt;
                            &lt;li b-veftjlzp7g=""&gt;&lt;a b-veftjlzp7g="" href="#" class="crf-footer--icon twitter"&gt;&lt;/a&gt;&lt;/li&gt;
                            &lt;li b-veftjlzp7g=""&gt;&lt;a b-veftjlzp7g="" href="#" class="crf-footer--icon facebook"&gt;&lt;/a&gt;&lt;/li&gt;
                            &lt;li b-veftjlzp7g=""&gt;&lt;a b-veftjlzp7g="" href="#" class="crf-footer--icon pinterest"&gt;&lt;/a&gt;&lt;/li&gt;
                            &lt;li b-veftjlzp7g=""&gt;&lt;a b-veftjlzp7g="" href="#" class="crf-footer--icon instagram"&gt;&lt;/a&gt;&lt;/li&gt;
                            &lt;li b-veftjlzp7g=""&gt;&lt;a b-veftjlzp7g="" href="#" class="crf-footer--icon googleplus"&gt;&lt;/a&gt;&lt;/li&gt;
                        &lt;/ul&gt;
                    &lt;/div&gt;
                &lt;/div&gt;
            &lt;/div&gt;
        &lt;/div&gt;
        &lt;div b-veftjlzp7g="" class="crf-footer--logo d-flex"&gt;
            &lt;div b-veftjlzp7g="" class="container justify-content-start align-items-center d-flex flex-column"&gt;
                &lt;img b-veftjlzp7g="" src="https://www.pluralsight.com/content/dam/pluralsight2/teach/author-tools/carved-rock-fitness/logos/pluralsight-white.png"&gt;
                &lt;div b-veftjlzp7g=""&gt;This site is created for demonstrative purposes only and does not offer any real products or services.&lt;/div&gt;
            &lt;/div&gt;
        &lt;/div&gt;
        &lt;div b-veftjlzp7g="" class="crf-footer--copyright text-primary"&gt;@Pluralsight 2024&lt;/div&gt;
    &lt;/footer&gt;
&lt;/div&gt;


&lt;script type="text/javascript"&gt;
    (function () {
        setCartCount();
    })();
&lt;/script&gt;

&lt;/body&gt;</StdOut>
      </Output>
    </UnitTestResult>
    <UnitTestResult executionId="94495675-b6cb-405b-8570-21b44a4b98b1" testId="5728c1fb-e493-ee2d-ffc5-b24f3e9c0bf8" testName="CarvedRock.InnerLoop.WebApp.Tests.ListingPageTests.GetListingPageWithError" computerName="TARDIS" duration="00:00:04.0481749" startTime="2026-09-19T19:30:31.0756045-06:00" endTime="2026-09-19T19:30:35.1242489-06:00" testType="13cdc9d9-ddb5-4fa4-a97d-d965ccfc6d4b" outcome="Passed" testListId="8c84fa94-04c1-424b-9868-57a2d4851a1d" relativeResultsDirectory="94495675-b6cb-405b-8570-21b44a4b98b1">
      <Output>
        <StdOut>&lt;body&gt;
    &lt;div b-veftjlzp7g="" class="crf"&gt;
    &lt;!-- NAVIGATION --&gt;
    &lt;nav b-veftjlzp7g="" class="navbar navbar-expand flex-column flex-md-row header-nav--nav"&gt;
        &lt;div b-veftjlzp7g="" class="container"&gt;
            &lt;div b-veftjlzp7g="" class="d-md-flex justify-content-between"&gt;
                &lt;div b-veftjlzp7g="" class="navbar-brand d-flex justify-content-between align-items-center"&gt;
                    &lt;a b-veftjlzp7g="" href="/"&gt;&lt;img b-veftjlzp7g="" alt="Carved Rock Fitness" src="https://www.pluralsight.com/content/dam/pluralsight2/teach/author-tools/carved-rock-fitness/logos/carved-rock-logo.png"&gt;&lt;/a&gt; &lt;button b-veftjlzp7g="" aria-controls="navbarNav" aria-expanded="false" aria-label="Toggle navigation" class="navbar-toggle" data-target="#navbarNav" data-toggle="collapse" type="button"&gt;&lt;span b-veftjlzp7g="" class="icon-bar"&gt;&lt;/span&gt;&lt;span b-veftjlzp7g="" class="icon-bar"&gt;&lt;/span&gt;&lt;span b-veftjlzp7g="" class="icon-bar"&gt;&lt;/span&gt;&lt;/button&gt;
                &lt;/div&gt;
                &lt;div b-veftjlzp7g="" class="collapse navbar-collapse justify-content-center align-items-center" id="navbarNav"&gt;
                    &lt;div b-veftjlzp7g="" class="header-nav--main"&gt;                       
                        &lt;ul b-veftjlzp7g="" class="navbar-nav"&gt;                            
                            &lt;li b-veftjlzp7g="" class="nav-item"&gt;&lt;a b-veftjlzp7g="" class="nav-link orange-border" href="/Listing?cat=boots"&gt;Footwear&lt;/a&gt;&lt;/li&gt;
                            &lt;li b-veftjlzp7g="" class="nav-item"&gt;&lt;a b-veftjlzp7g="" class="nav-link orange-border" href="/Listing?cat=kayak"&gt;Kayaks&lt;/a&gt;&lt;/li&gt;
                            &lt;li b-veftjlzp7g="" class="nav-item"&gt;&lt;a b-veftjlzp7g="" class="nav-link orange-border" href="/Listing?cat=equip"&gt;Equipment&lt;/a&gt;&lt;/li&gt;
                            &lt;li b-veftjlzp7g="" class="nav-item"&gt;&lt;a b-veftjlzp7g="" class="nav-link orange-border" href="/Cart" id="carvedrockcart"&gt;Cart&lt;/a&gt;&lt;/li&gt;
                        &lt;/ul&gt;
                    &lt;/div&gt;
                    &lt;div b-veftjlzp7g="" class="header-nav--utilities d-flex align-items-center justify-content-end flex-row-reverse flex-row flex-md-row"&gt;
                       &lt;ul b-veftjlzp7g="" class="navbar-nav"&gt;
                           &lt;li b-veftjlzp7g="" class="nav-item"&gt;&lt;a b-veftjlzp7g="" class="nav-link" style="padding-right:20px;" target="_blank" href="https://demo.duendesoftware.com"&gt;IdSrv&lt;/a&gt;&lt;/li&gt;
                       &lt;/ul&gt;
                       &lt;ul class="navbar-nav"&gt;
        &lt;li class="nav-item"&gt;
            &lt;a class="nav-link text-dark" style="font-weight:bold;" href="/Login?ReturnUrl=/Error?cat=error"&gt;Sign in&lt;/a&gt;
        &lt;/li&gt;
&lt;/ul&gt;
                       
                    &lt;/div&gt;
                &lt;/div&gt;
            &lt;/div&gt;
        &lt;/div&gt;
    &lt;/nav&gt;   
    &lt;div b-veftjlzp7g="" style="padding-left:30px;padding-right:30px;"&gt;
            
&lt;h1 class="text-danger"&gt;Error.&lt;/h1&gt;
&lt;h2 class="text-danger"&gt;An error occurred while processing your request.&lt;/h2&gt;

    &lt;p&gt;
        &lt;strong&gt;Request ID:&lt;/strong&gt; &lt;code&gt;00-60c8968e3fa3c6d6e6748b97bf8b5d4c-a37c3ee2d6d671c8-00&lt;/code&gt;
        &lt;br&gt;
        &lt;strong&gt;HTTP TraceId:&lt;/strong&gt; &lt;code&gt;0HNOMMQVKHG3P&lt;/code&gt;
        &lt;br&gt;
        &lt;strong&gt;Activity.Id:&lt;/strong&gt; &lt;code&gt;00-60c8968e3fa3c6d6e6748b97bf8b5d4c-a37c3ee2d6d671c8-00&lt;/code&gt;        
    &lt;/p&gt;

    &lt;/div&gt;

    &lt;footer b-veftjlzp7g="" class="d-flex justify-content-stretch"&gt;
        &lt;div b-veftjlzp7g="" class="crf-footer--category"&gt;
            &lt;div b-veftjlzp7g="" class="container"&gt;
                &lt;div b-veftjlzp7g="" class="row row d-md-flex justify-content-between flex-sm-column flex-lg-row"&gt;
                    &lt;div b-veftjlzp7g="" class="crf-footer--links active"&gt;
                        &lt;div b-veftjlzp7g="" class="crf-footer--header text-primary"&gt;Customer Support&lt;/div&gt;
                        &lt;ul b-veftjlzp7g=""&gt;
                            &lt;li b-veftjlzp7g=""&gt;&lt;a b-veftjlzp7g="" href="#"&gt;Contact Us&lt;/a&gt;&lt;/li&gt;
                            &lt;li b-veftjlzp7g=""&gt;&lt;a b-veftjlzp7g="" href="#"&gt;Order Tracker&lt;/a&gt;&lt;/li&gt;
                            &lt;li b-veftjlzp7g=""&gt;&lt;a b-veftjlzp7g="" href="#"&gt;Returns &amp;amp; Refunds&lt;/a&gt;&lt;/li&gt;
                            &lt;li b-veftjlzp7g=""&gt;&lt;a b-veftjlzp7g="" href="#"&gt;Size Guide&lt;/a&gt;&lt;/li&gt;
                            &lt;li b-veftjlzp7g=""&gt;&lt;a b-veftjlzp7g="" href="#"&gt;Store Locator&lt;/a&gt;&lt;/li&gt;
                            &lt;li b-veftjlzp7g=""&gt;&lt;a b-veftjlzp7g="" href="#"&gt;Site Map&lt;/a&gt;&lt;/li&gt;
                        &lt;/ul&gt;
                    &lt;/div&gt;
                    &lt;div b-veftjlzp7g="" class="crf-footer--links"&gt;
                        &lt;div b-veftjlzp7g="" class="crf-footer--header text-primary"&gt;Company Info&lt;/div&gt;
                        &lt;ul b-veftjlzp7g=""&gt;
                            &lt;li b-veftjlzp7g=""&gt;&lt;a b-veftjlzp7g="" href="#"&gt;About Us&lt;/a&gt;&lt;/li&gt;
                            &lt;li b-veftjlzp7g=""&gt;&lt;a b-veftjlzp7g="" href="#"&gt;Careers&lt;/a&gt;&lt;/li&gt;
                            &lt;li b-veftjlzp7g=""&gt;&lt;a b-veftjlzp7g="" href="#"&gt;Press&lt;/a&gt;&lt;/li&gt;
                            &lt;li b-veftjlzp7g=""&gt;&lt;a b-veftjlzp7g="" href="#"&gt;Sustainability&lt;/a&gt;&lt;/li&gt;
                            &lt;li b-veftjlzp7g=""&gt;&lt;a b-veftjlzp7g="" href="#"&gt;Affiliates&lt;/a&gt;&lt;/li&gt;
                            &lt;li b-veftjlzp7g=""&gt;&lt;a b-veftjlzp7g="" href="#"&gt;Students&lt;/a&gt;&lt;/li&gt;
                            &lt;li b-veftjlzp7g=""&gt;&lt;a b-veftjlzp7g="" href="#"&gt;Mobile Apps&lt;/a&gt;&lt;/li&gt;
                        &lt;/ul&gt;
                    &lt;/div&gt;
                    &lt;div b-veftjlzp7g="" class="crf-footer--links"&gt;
                        &lt;div b-veftjlzp7g="" class="crf-footer--header text-primary"&gt;Privacy &amp;amp; Terms&lt;/div&gt;
                        &lt;ul b-veftjlzp7g=""&gt;
                            &lt;li b-veftjlzp7g=""&gt;&lt;a b-veftjlzp7g="" href="#"&gt;Privacy &amp;amp; Security&lt;/a&gt;&lt;/li&gt;
                            &lt;li b-veftjlzp7g=""&gt;&lt;a b-veftjlzp7g="" href="#"&gt;Statement&lt;/a&gt;&lt;/li&gt;
                            &lt;li b-veftjlzp7g=""&gt;&lt;a b-veftjlzp7g="" href="#"&gt;Terms &amp;amp; Conditions&lt;/a&gt;&lt;/li&gt;
                        &lt;/ul&gt;
                    &lt;/div&gt;
                    &lt;div b-veftjlzp7g="" class="crf-footer--links crf-footer--social"&gt;
                        &lt;div b-veftjlzp7g="" class="crf-footer--header text-primary d-lg-block  d-none d-sm-none"&gt;Follow Us&lt;/div&gt;
                        &lt;ul b-veftjlzp7g="" class="d-lg-block  d-none d-sm-none"&gt;
                            &lt;li b-veftjlzp7g=""&gt;&lt;a b-veftjlzp7g="" href="#" class="crf-footer--icon twitter"&gt;&lt;/a&gt;&lt;/li&gt;
                            &lt;li b-veftjlzp7g=""&gt;&lt;a b-veftjlzp7g="" href="#" class="crf-footer--icon facebook"&gt;&lt;/a&gt;&lt;/li&gt;
                            &lt;li b-veftjlzp7g=""&gt;&lt;a b-veftjlzp7g="" href="#" class="crf-footer--icon pinterest"&gt;&lt;/a&gt;&lt;/li&gt;
                            &lt;li b-veftjlzp7g=""&gt;&lt;a b-veftjlzp7g="" href="#" class="crf-footer--icon instagram"&gt;&lt;/a&gt;&lt;/li&gt;
                            &lt;li b-veftjlzp7g=""&gt;&lt;a b-veftjlzp7g="" href="#" class="crf-footer--icon googleplus"&gt;&lt;/a&gt;&lt;/li&gt;
                        &lt;/ul&gt;
                        &lt;div b-veftjlzp7g="" class="crf-footer--newsletter"&gt;
                            &lt;div b-veftjlzp7g="" class="crf-footer--header"&gt;Email Updates&lt;/div&gt;
                            &lt;div b-veftjlzp7g="" class="crf-footer--subheader"&gt;Exclusive sales, special offers, and more.&lt;/div&gt;
                            &lt;input b-veftjlzp7g="" type="text" class="form-control" placeholder="Enter email address"&gt;
                            &lt;button b-veftjlzp7g="" class="btn btn-primary"&gt;Sign up&lt;/button&gt;
                        &lt;/div&gt;
                    &lt;/div&gt;
                    &lt;div b-veftjlzp7g="" class="crf-footer--links crf-footer-m--social d-block   d-lg-none"&gt;
                        &lt;div b-veftjlzp7g="" class="crf-footer--header text-primary"&gt;Follow Us&lt;/div&gt;
                        &lt;ul b-veftjlzp7g=""&gt;
                            &lt;li b-veftjlzp7g=""&gt;&lt;a b-veftjlzp7g="" href="#" class="crf-footer--icon twitter"&gt;&lt;/a&gt;&lt;/li&gt;
                            &lt;li b-veftjlzp7g=""&gt;&lt;a b-veftjlzp7g="" href="#" class="crf-footer--icon facebook"&gt;&lt;/a&gt;&lt;/li&gt;
                            &lt;li b-veftjlzp7g=""&gt;&lt;a b-veftjlzp7g="" href="#" class="crf-footer--icon pinterest"&gt;&lt;/a&gt;&lt;/li&gt;
                            &lt;li b-veftjlzp7g=""&gt;&lt;a b-veftjlzp7g="" href="#" class="crf-footer--icon instagram"&gt;&lt;/a&gt;&lt;/li&gt;
                            &lt;li b-veftjlzp7g=""&gt;&lt;a b-veftjlzp7g="" href="#" class="crf-footer--icon googleplus"&gt;&lt;/a&gt;&lt;/li&gt;
                        &lt;/ul&gt;
                    &lt;/div&gt;
                &lt;/div&gt;
            &lt;/div&gt;
        &lt;/div&gt;
        &lt;div b-veftjlzp7g="" class="crf-footer--logo d-flex"&gt;
            &lt;div b-veftjlzp7g="" class="container justify-content-start align-items-center d-flex flex-column"&gt;
                &lt;img b-veftjlzp7g="" src="https://www.pluralsight.com/content/dam/pluralsight2/teach/author-tools/carved-rock-fitness/logos/pluralsight-white.png"&gt;
                &lt;div b-veftjlzp7g=""&gt;This site is created for demonstrative purposes only and does not offer any real products or services.&lt;/div&gt;
            &lt;/div&gt;
        &lt;/div&gt;
        &lt;div b-veftjlzp7g="" class="crf-footer--copyright text-primary"&gt;@Pluralsight 2024&lt;/div&gt;
    &lt;/footer&gt;
&lt;/div&gt;


&lt;script type="text/javascript"&gt;
    (function () {
        setCartCount();
    })();
&lt;/script&gt;

&lt;/body&gt;</StdOut>
      </Output>
    </UnitTestResult>
    <UnitTestResult executionId="92848a2b-7cf7-4e4c-8f5d-a4ff65eaaff7" testId="9fff13ac-f4b5-b116-017e-205185494e60" testName="CarvedRock.InnerLoop.WebApp.Tests.ListingPageTests.GetListingPage(category: &quot;nothing&quot;)" computerName="TARDIS" duration="00:00:00.0088630" startTime="2026-09-19T19:30:31.0409257-06:00" endTime="2026-09-19T19:30:31.0504292-06:00" testType="13cdc9d9-ddb5-4fa4-a97d-d965ccfc6d4b" outcome="Passed" testListId="8c84fa94-04c1-424b-9868-57a2d4851a1d" relativeResultsDirectory="92848a2b-7cf7-4e4c-8f5d-a4ff65eaaff7">
      <Output>
        <StdOut>&lt;body&gt;
    &lt;div b-veftjlzp7g="" class="crf"&gt;
    &lt;!-- NAVIGATION --&gt;
    &lt;nav b-veftjlzp7g="" class="navbar navbar-expand flex-column flex-md-row header-nav--nav"&gt;
        &lt;div b-veftjlzp7g="" class="container"&gt;
            &lt;div b-veftjlzp7g="" class="d-md-flex justify-content-between"&gt;
                &lt;div b-veftjlzp7g="" class="navbar-brand d-flex justify-content-between align-items-center"&gt;
                    &lt;a b-veftjlzp7g="" href="/"&gt;&lt;img b-veftjlzp7g="" alt="Carved Rock Fitness" src="https://www.pluralsight.com/content/dam/pluralsight2/teach/author-tools/carved-rock-fitness/logos/carved-rock-logo.png"&gt;&lt;/a&gt; &lt;button b-veftjlzp7g="" aria-controls="navbarNav" aria-expanded="false" aria-label="Toggle navigation" class="navbar-toggle" data-target="#navbarNav" data-toggle="collapse" type="button"&gt;&lt;span b-veftjlzp7g="" class="icon-bar"&gt;&lt;/span&gt;&lt;span b-veftjlzp7g="" class="icon-bar"&gt;&lt;/span&gt;&lt;span b-veftjlzp7g="" class="icon-bar"&gt;&lt;/span&gt;&lt;/button&gt;
                &lt;/div&gt;
                &lt;div b-veftjlzp7g="" class="collapse navbar-collapse justify-content-center align-items-center" id="navbarNav"&gt;
                    &lt;div b-veftjlzp7g="" class="header-nav--main"&gt;                       
                        &lt;ul b-veftjlzp7g="" class="navbar-nav"&gt;                            
                            &lt;li b-veftjlzp7g="" class="nav-item"&gt;&lt;a b-veftjlzp7g="" class="nav-link orange-border" href="/Listing?cat=boots"&gt;Footwear&lt;/a&gt;&lt;/li&gt;
                            &lt;li b-veftjlzp7g="" class="nav-item"&gt;&lt;a b-veftjlzp7g="" class="nav-link orange-border" href="/Listing?cat=kayak"&gt;Kayaks&lt;/a&gt;&lt;/li&gt;
                            &lt;li b-veftjlzp7g="" class="nav-item"&gt;&lt;a b-veftjlzp7g="" class="nav-link orange-border" href="/Listing?cat=equip"&gt;Equipment&lt;/a&gt;&lt;/li&gt;
                            &lt;li b-veftjlzp7g="" class="nav-item"&gt;&lt;a b-veftjlzp7g="" class="nav-link orange-border" href="/Cart" id="carvedrockcart"&gt;Cart&lt;/a&gt;&lt;/li&gt;
                        &lt;/ul&gt;
                    &lt;/div&gt;
                    &lt;div b-veftjlzp7g="" class="header-nav--utilities d-flex align-items-center justify-content-end flex-row-reverse flex-row flex-md-row"&gt;
                       &lt;ul b-veftjlzp7g="" class="navbar-nav"&gt;
                           &lt;li b-veftjlzp7g="" class="nav-item"&gt;&lt;a b-veftjlzp7g="" class="nav-link" style="padding-right:20px;" target="_blank" href="https://demo.duendesoftware.com"&gt;IdSrv&lt;/a&gt;&lt;/li&gt;
                       &lt;/ul&gt;
                       &lt;ul class="navbar-nav"&gt;
        &lt;li class="nav-item"&gt;
            &lt;a class="nav-link text-dark" style="font-weight:bold;" href="/Login?ReturnUrl=/listing?cat=nothing"&gt;Sign in&lt;/a&gt;
        &lt;/li&gt;
&lt;/ul&gt;
                       
                    &lt;/div&gt;
                &lt;/div&gt;
            &lt;/div&gt;
        &lt;/div&gt;
    &lt;/nav&gt;   
    &lt;div b-veftjlzp7g="" style="padding-left:30px;padding-right:30px;"&gt;
            
&lt;script type="text/javascript"&gt;
    function addItemToCart(productIdToAdd) {
        var cookieString = getCookie("carvedrock-cart");  // defined in layout page
        var cartLink = document.getElementById("carvedrockcart");

        if (cookieString == "") {
            var propName = "product-" + productIdToAdd;
            var cookieData = [];
            cookieData.push({id: productIdToAdd, quantity: 1})
        } else {
            var decodedCookieData = cookieString;
            console.log(cookieString);

            var cookieData = JSON.parse(decodedCookieData);
            var itemToUpdate = cookieData.find(n =&gt; n.id === productIdToAdd);
            if (itemToUpdate == undefined) {
                cookieData.push({id: productIdToAdd, quantity: 1});
            } else {
                var itemAlreadyInCart = cookieData.findIndex(n =&gt; n.id === productIdToAdd);
                cookieData[itemAlreadyInCart] = { id: productIdToAdd, quantity: itemToUpdate.quantity + 1 };
            }            
        }
        console.log(JSON.stringify(cookieData));
        setCookie("carvedrock-cart", encodeURIComponent(JSON.stringify(cookieData)));
        setCartCount(); // defined in layout page        
    }
    function setCookie(cname, cvalue) {
        document.cookie = cname + "=" + cvalue + ";path=/;SameSite=Lax";
    }   
&lt;/script&gt;

&lt;h1&gt;&lt;/h1&gt;

&lt;table class="table"&gt;
    &lt;thead&gt;
    &lt;tr&gt;
        &lt;th&gt;Name&lt;/th&gt;
        &lt;th class="d-flex justify-content-center"&gt;Description&lt;/th&gt;
        &lt;th&gt;Price&lt;/th&gt;
    &lt;/tr&gt;
    &lt;/thead&gt;
    &lt;tbody&gt;
    &lt;/tbody&gt;
&lt;/table&gt;


    &lt;/div&gt;

    &lt;footer b-veftjlzp7g="" class="d-flex justify-content-stretch"&gt;
        &lt;div b-veftjlzp7g="" class="crf-footer--category"&gt;
            &lt;div b-veftjlzp7g="" class="container"&gt;
                &lt;div b-veftjlzp7g="" class="row row d-md-flex justify-content-between flex-sm-column flex-lg-row"&gt;
                    &lt;div b-veftjlzp7g="" class="crf-footer--links active"&gt;
                        &lt;div b-veftjlzp7g="" class="crf-footer--header text-primary"&gt;Customer Support&lt;/div&gt;
                        &lt;ul b-veftjlzp7g=""&gt;
                            &lt;li b-veftjlzp7g=""&gt;&lt;a b-veftjlzp7g="" href="#"&gt;Contact Us&lt;/a&gt;&lt;/li&gt;
                            &lt;li b-veftjlzp7g=""&gt;&lt;a b-veftjlzp7g="" href="#"&gt;Order Tracker&lt;/a&gt;&lt;/li&gt;
                            &lt;li b-veftjlzp7g=""&gt;&lt;a b-veftjlzp7g="" href="#"&gt;Returns &amp;amp; Refunds&lt;/a&gt;&lt;/li&gt;
                            &lt;li b-veftjlzp7g=""&gt;&lt;a b-veftjlzp7g="" href="#"&gt;Size Guide&lt;/a&gt;&lt;/li&gt;
                            &lt;li b-veftjlzp7g=""&gt;&lt;a b-veftjlzp7g="" href="#"&gt;Store Locator&lt;/a&gt;&lt;/li&gt;
                            &lt;li b-veftjlzp7g=""&gt;&lt;a b-veftjlzp7g="" href="#"&gt;Site Map&lt;/a&gt;&lt;/li&gt;
                        &lt;/ul&gt;
                    &lt;/div&gt;
                    &lt;div b-veftjlzp7g="" class="crf-footer--links"&gt;
                        &lt;div b-veftjlzp7g="" class="crf-footer--header text-primary"&gt;Company Info&lt;/div&gt;
                        &lt;ul b-veftjlzp7g=""&gt;
                            &lt;li b-veftjlzp7g=""&gt;&lt;a b-veftjlzp7g="" href="#"&gt;About Us&lt;/a&gt;&lt;/li&gt;
                            &lt;li b-veftjlzp7g=""&gt;&lt;a b-veftjlzp7g="" href="#"&gt;Careers&lt;/a&gt;&lt;/li&gt;
                            &lt;li b-veftjlzp7g=""&gt;&lt;a b-veftjlzp7g="" href="#"&gt;Press&lt;/a&gt;&lt;/li&gt;
                            &lt;li b-veftjlzp7g=""&gt;&lt;a b-veftjlzp7g="" href="#"&gt;Sustainability&lt;/a&gt;&lt;/li&gt;
                            &lt;li b-veftjlzp7g=""&gt;&lt;a b-veftjlzp7g="" href="#"&gt;Affiliates&lt;/a&gt;&lt;/li&gt;
                            &lt;li b-veftjlzp7g=""&gt;&lt;a b-veftjlzp7g="" href="#"&gt;Students&lt;/a&gt;&lt;/li&gt;
                            &lt;li b-veftjlzp7g=""&gt;&lt;a b-veftjlzp7g="" href="#"&gt;Mobile Apps&lt;/a&gt;&lt;/li&gt;
                        &lt;/ul&gt;
                    &lt;/div&gt;
                    &lt;div b-veftjlzp7g="" class="crf-footer--links"&gt;
                        &lt;div b-veftjlzp7g="" class="crf-footer--header text-primary"&gt;Privacy &amp;amp; Terms&lt;/div&gt;
                        &lt;ul b-veftjlzp7g=""&gt;
                            &lt;li b-veftjlzp7g=""&gt;&lt;a b-veftjlzp7g="" href="#"&gt;Privacy &amp;amp; Security&lt;/a&gt;&lt;/li&gt;
                            &lt;li b-veftjlzp7g=""&gt;&lt;a b-veftjlzp7g="" href="#"&gt;Statement&lt;/a&gt;&lt;/li&gt;
                            &lt;li b-veftjlzp7g=""&gt;&lt;a b-veftjlzp7g="" href="#"&gt;Terms &amp;amp; Conditions&lt;/a&gt;&lt;/li&gt;
                        &lt;/ul&gt;
                    &lt;/div&gt;
                    &lt;div b-veftjlzp7g="" class="crf-footer--links crf-footer--social"&gt;
                        &lt;div b-veftjlzp7g="" class="crf-footer--header text-primary d-lg-block  d-none d-sm-none"&gt;Follow Us&lt;/div&gt;
                        &lt;ul b-veftjlzp7g="" class="d-lg-block  d-none d-sm-none"&gt;
                            &lt;li b-veftjlzp7g=""&gt;&lt;a b-veftjlzp7g="" href="#" class="crf-footer--icon twitter"&gt;&lt;/a&gt;&lt;/li&gt;
                            &lt;li b-veftjlzp7g=""&gt;&lt;a b-veftjlzp7g="" href="#" class="crf-footer--icon facebook"&gt;&lt;/a&gt;&lt;/li&gt;
                            &lt;li b-veftjlzp7g=""&gt;&lt;a b-veftjlzp7g="" href="#" class="crf-footer--icon pinterest"&gt;&lt;/a&gt;&lt;/li&gt;
                            &lt;li b-veftjlzp7g=""&gt;&lt;a b-veftjlzp7g="" href="#" class="crf-footer--icon instagram"&gt;&lt;/a&gt;&lt;/li&gt;
                            &lt;li b-veftjlzp7g=""&gt;&lt;a b-veftjlzp7g="" href="#" class="crf-footer--icon googleplus"&gt;&lt;/a&gt;&lt;/li&gt;
                        &lt;/ul&gt;
                        &lt;div b-veftjlzp7g="" class="crf-footer--newsletter"&gt;
                            &lt;div b-veftjlzp7g="" class="crf-footer--header"&gt;Email Updates&lt;/div&gt;
                            &lt;div b-veftjlzp7g="" class="crf-footer--subheader"&gt;Exclusive sales, special offers, and more.&lt;/div&gt;
                            &lt;input b-veftjlzp7g="" type="text" class="form-control" placeholder="Enter email address"&gt;
                            &lt;button b-veftjlzp7g="" class="btn btn-primary"&gt;Sign up&lt;/button&gt;
                        &lt;/div&gt;
                    &lt;/div&gt;
                    &lt;div b-veftjlzp7g="" class="crf-footer--links crf-footer-m--social d-block   d-lg-none"&gt;
                        &lt;div b-veftjlzp7g="" class="crf-footer--header text-primary"&gt;Follow Us&lt;/div&gt;
                        &lt;ul b-veftjlzp7g=""&gt;
                            &lt;li b-veftjlzp7g=""&gt;&lt;a b-veftjlzp7g="" href="#" class="crf-footer--icon twitter"&gt;&lt;/a&gt;&lt;/li&gt;
                            &lt;li b-veftjlzp7g=""&gt;&lt;a b-veftjlzp7g="" href="#" class="crf-footer--icon facebook"&gt;&lt;/a&gt;&lt;/li&gt;
                            &lt;li b-veftjlzp7g=""&gt;&lt;a b-veftjlzp7g="" href="#" class="crf-footer--icon pinterest"&gt;&lt;/a&gt;&lt;/li&gt;
                            &lt;li b-veftjlzp7g=""&gt;&lt;a b-veftjlzp7g="" href="#" class="crf-footer--icon instagram"&gt;&lt;/a&gt;&lt;/li&gt;
                            &lt;li b-veftjlzp7g=""&gt;&lt;a b-veftjlzp7g="" href="#" class="crf-footer--icon googleplus"&gt;&lt;/a&gt;&lt;/li&gt;
                        &lt;/ul&gt;
                    &lt;/div&gt;
                &lt;/div&gt;
            &lt;/div&gt;
        &lt;/div&gt;
        &lt;div b-veftjlzp7g="" class="crf-footer--logo d-flex"&gt;
            &lt;div b-veftjlzp7g="" class="container justify-content-start align-items-center d-flex flex-column"&gt;
                &lt;img b-veftjlzp7g="" src="https://www.pluralsight.com/content/dam/pluralsight2/teach/author-tools/carved-rock-fitness/logos/pluralsight-white.png"&gt;
                &lt;div b-veftjlzp7g=""&gt;This site is created for demonstrative purposes only and does not offer any real products or services.&lt;/div&gt;
            &lt;/div&gt;
        &lt;/div&gt;
        &lt;div b-veftjlzp7g="" class="crf-footer--copyright text-primary"&gt;@Pluralsight 2024&lt;/div&gt;
    &lt;/footer&gt;
&lt;/div&gt;


&lt;script type="text/javascript"&gt;
    (function () {
        setCartCount();
    })();
&lt;/script&gt;

&lt;/body&gt;</StdOut>
      </Output>
    </UnitTestResult>
    <UnitTestResult executionId="6f109be7-a6f0-4202-956e-7d3040f74dd1" testId="ea890dd4-e695-50aa-52a4-df7e8c36b0e2" testName="CarvedRock.InnerLoop.WebApp.Tests.CartPageTests.GetLoggedInCartPageWithItems" computerName="TARDIS" duration="00:00:00.0176069" startTime="2026-09-19T19:30:35.9970469-06:00" endTime="2026-09-19T19:30:36.0149576-06:00" testType="13cdc9d9-ddb5-4fa4-a97d-d965ccfc6d4b" outcome="Passed" testListId="8c84fa94-04c1-424b-9868-57a2d4851a1d" relativeResultsDirectory="6f109be7-a6f0-4202-956e-7d3040f74dd1">
      <Output>
        <StdOut>&lt;body&gt;
    &lt;div b-veftjlzp7g="" class="crf"&gt;
    &lt;!-- NAVIGATION --&gt;
    &lt;nav b-veftjlzp7g="" class="navbar navbar-expand flex-column flex-md-row header-nav--nav"&gt;
        &lt;div b-veftjlzp7g="" class="container"&gt;
            &lt;div b-veftjlzp7g="" class="d-md-flex justify-content-between"&gt;
                &lt;div b-veftjlzp7g="" class="navbar-brand d-flex justify-content-between align-items-center"&gt;
                    &lt;a b-veftjlzp7g="" href="/"&gt;&lt;img b-veftjlzp7g="" alt="Carved Rock Fitness" src="https://www.pluralsight.com/content/dam/pluralsight2/teach/author-tools/carved-rock-fitness/logos/carved-rock-logo.png"&gt;&lt;/a&gt; &lt;button b-veftjlzp7g="" aria-controls="navbarNav" aria-expanded="false" aria-label="Toggle navigation" class="navbar-toggle" data-target="#navbarNav" data-toggle="collapse" type="button"&gt;&lt;span b-veftjlzp7g="" class="icon-bar"&gt;&lt;/span&gt;&lt;span b-veftjlzp7g="" class="icon-bar"&gt;&lt;/span&gt;&lt;span b-veftjlzp7g="" class="icon-bar"&gt;&lt;/span&gt;&lt;/button&gt;
                &lt;/div&gt;
                &lt;div b-veftjlzp7g="" class="collapse navbar-collapse justify-content-center align-items-center" id="navbarNav"&gt;
                    &lt;div b-veftjlzp7g="" class="header-nav--main"&gt;                       
                        &lt;ul b-veftjlzp7g="" class="navbar-nav"&gt;                            
                            &lt;li b-veftjlzp7g="" class="nav-item"&gt;&lt;a b-veftjlzp7g="" class="nav-link orange-border" href="/Listing?cat=boots"&gt;Footwear&lt;/a&gt;&lt;/li&gt;
                            &lt;li b-veftjlzp7g="" class="nav-item"&gt;&lt;a b-veftjlzp7g="" class="nav-link orange-border" href="/Listing?cat=kayak"&gt;Kayaks&lt;/a&gt;&lt;/li&gt;
                            &lt;li b-veftjlzp7g="" class="nav-item"&gt;&lt;a b-veftjlzp7g="" class="nav-link orange-border" href="/Listing?cat=equip"&gt;Equipment&lt;/a&gt;&lt;/li&gt;
                            &lt;li b-veftjlzp7g="" class="nav-item"&gt;&lt;a b-veftjlzp7g="" class="nav-link orange-border" href="/Cart" id="carvedrockcart"&gt;Cart&lt;/a&gt;&lt;/li&gt;
                                &lt;li b-veftjlzp7g="" class="nav-item"&gt;&lt;a b-veftjlzp7g="" class="nav-link orange-border" href="/Admin"&gt;Admin&lt;/a&gt;&lt;/li&gt;
                        &lt;/ul&gt;
                    &lt;/div&gt;
                    &lt;div b-veftjlzp7g="" class="header-nav--utilities d-flex align-items-center justify-content-end flex-row-reverse flex-row flex-md-row"&gt;
                       &lt;ul b-veftjlzp7g="" class="navbar-nav"&gt;
                           &lt;li b-veftjlzp7g="" class="nav-item"&gt;&lt;a b-veftjlzp7g="" class="nav-link" style="padding-right:20px;" target="_blank" href="https://demo.duendesoftware.com"&gt;IdSrv&lt;/a&gt;&lt;/li&gt;
                       &lt;/ul&gt;
                       &lt;ul class="navbar-nav"&gt;
        &lt;div class="account d-flex flex-column"&gt;
             &lt;a href="/Logout" style="font-weight:bold;"&gt;Sign Out&lt;/a&gt;
        &lt;/div&gt;
&lt;/ul&gt;
                       
                    &lt;/div&gt;
                &lt;/div&gt;
            &lt;/div&gt;
        &lt;/div&gt;
    &lt;/nav&gt;   
    &lt;div b-veftjlzp7g="" style="padding-left:30px;padding-right:30px;"&gt;
            
&lt;h1&gt;Your Cart&lt;/h1&gt;

&lt;form class="form" method="post"&gt;
&lt;table class="table"&gt;
    &lt;thead&gt;
        &lt;tr&gt;
            &lt;th&gt;
                Name
            &lt;/th&gt;
            &lt;th&gt;
                Category
            &lt;/th&gt;
            &lt;th&gt;
                Price
            &lt;/th&gt;
            &lt;th&gt;
                Quantity
            &lt;/th&gt;
            &lt;th&gt;
                Total
            &lt;/th&gt;
            &lt;th&gt;&lt;/th&gt;
        &lt;/tr&gt;
    &lt;/thead&gt;
    &lt;tbody&gt;
            &lt;tr&gt;
                &lt;td&gt;
                    Handmade Granite Chips
                &lt;/td&gt;
                &lt;td&gt;
                    equip
                &lt;/td&gt;
                &lt;td&gt;
                    52.28086038180166
                &lt;/td&gt;
                &lt;td&gt;
                    4
                &lt;/td&gt;
                &lt;td&gt;
                    209.12344152720664
                &lt;/td&gt;                
            &lt;/tr&gt;
            &lt;tr&gt;
                &lt;td&gt;
                    Incredible Fresh Computer
                &lt;/td&gt;
                &lt;td&gt;
                    equip
                &lt;/td&gt;
                &lt;td&gt;
                    116.67030309997358
                &lt;/td&gt;
                &lt;td&gt;
                    5
                &lt;/td&gt;
                &lt;td&gt;
                    583.3515154998679
                &lt;/td&gt;                
            &lt;/tr&gt;
        &lt;tr&gt;
            &lt;td&gt;&lt;/td&gt;
            &lt;td&gt;&lt;/td&gt;
            &lt;td&gt;&lt;/td&gt;
            &lt;td&gt;&lt;strong&gt;Grand Total&lt;/strong&gt;&lt;/td&gt;
            &lt;td&gt;&lt;strong id="grand-total"&gt;$792.47&lt;/strong&gt;&lt;/td&gt;
        &lt;/tr&gt;
        &lt;tr&gt;
            &lt;td&gt;&lt;/td&gt;
            &lt;td&gt;&lt;/td&gt;
            &lt;td&gt;&lt;input type="submit" class="btn btn-danger" value="Cancel Order / Clear Cart" formaction="/Cart?handler=CancelOrder"&gt;&lt;/td&gt;            
            &lt;td&gt;&lt;input type="submit" class="btn btn-warning" value="Checkout" formaction="/Cart?handler=Checkout"&gt;&lt;/td&gt;
        &lt;/tr&gt;
    &lt;/tbody&gt;
&lt;/table&gt;
&lt;input name="__RequestVerificationToken" type="hidden" value="CfDJ8K7I6SIkVPpNnV827bJwwtUoDjQkQyAHDdVkDrru4qQ_jP9qC9dL9_FGUCY3rNUcd0JfRIQeNNhhlaAWN7xQOx_Aa-LvJU6fPP9LcEpu9C0F7ya79SYk0Cixd9hRkvO4cCjyQlVQzw-78lz3V4YxttnEuaGKo2QUgJmZM4jKRl7ce1hdoVLlDJxxbopZyzGwmw"&gt;&lt;/form&gt;

    &lt;/div&gt;

    &lt;footer b-veftjlzp7g="" class="d-flex justify-content-stretch"&gt;
        &lt;div b-veftjlzp7g="" class="crf-footer--category"&gt;
            &lt;div b-veftjlzp7g="" class="container"&gt;
                &lt;div b-veftjlzp7g="" class="row row d-md-flex justify-content-between flex-sm-column flex-lg-row"&gt;
                    &lt;div b-veftjlzp7g="" class="crf-footer--links active"&gt;
                        &lt;div b-veftjlzp7g="" class="crf-footer--header text-primary"&gt;Customer Support&lt;/div&gt;
                        &lt;ul b-veftjlzp7g=""&gt;
                            &lt;li b-veftjlzp7g=""&gt;&lt;a b-veftjlzp7g="" href="#"&gt;Contact Us&lt;/a&gt;&lt;/li&gt;
                            &lt;li b-veftjlzp7g=""&gt;&lt;a b-veftjlzp7g="" href="#"&gt;Order Tracker&lt;/a&gt;&lt;/li&gt;
                            &lt;li b-veftjlzp7g=""&gt;&lt;a b-veftjlzp7g="" href="#"&gt;Returns &amp;amp; Refunds&lt;/a&gt;&lt;/li&gt;
                            &lt;li b-veftjlzp7g=""&gt;&lt;a b-veftjlzp7g="" href="#"&gt;Size Guide&lt;/a&gt;&lt;/li&gt;
                            &lt;li b-veftjlzp7g=""&gt;&lt;a b-veftjlzp7g="" href="#"&gt;Store Locator&lt;/a&gt;&lt;/li&gt;
                            &lt;li b-veftjlzp7g=""&gt;&lt;a b-veftjlzp7g="" href="#"&gt;Site Map&lt;/a&gt;&lt;/li&gt;
                        &lt;/ul&gt;
                    &lt;/div&gt;
                    &lt;div b-veftjlzp7g="" class="crf-footer--links"&gt;
                        &lt;div b-veftjlzp7g="" class="crf-footer--header text-primary"&gt;Company Info&lt;/div&gt;
                        &lt;ul b-veftjlzp7g=""&gt;
                            &lt;li b-veftjlzp7g=""&gt;&lt;a b-veftjlzp7g="" href="#"&gt;About Us&lt;/a&gt;&lt;/li&gt;
                            &lt;li b-veftjlzp7g=""&gt;&lt;a b-veftjlzp7g="" href="#"&gt;Careers&lt;/a&gt;&lt;/li&gt;
                            &lt;li b-veftjlzp7g=""&gt;&lt;a b-veftjlzp7g="" href="#"&gt;Press&lt;/a&gt;&lt;/li&gt;
                            &lt;li b-veftjlzp7g=""&gt;&lt;a b-veftjlzp7g="" href="#"&gt;Sustainability&lt;/a&gt;&lt;/li&gt;
                            &lt;li b-veftjlzp7g=""&gt;&lt;a b-veftjlzp7g="" href="#"&gt;Affiliates&lt;/a&gt;&lt;/li&gt;
                            &lt;li b-veftjlzp7g=""&gt;&lt;a b-veftjlzp7g="" href="#"&gt;Students&lt;/a&gt;&lt;/li&gt;
                            &lt;li b-veftjlzp7g=""&gt;&lt;a b-veftjlzp7g="" href="#"&gt;Mobile Apps&lt;/a&gt;&lt;/li&gt;
                        &lt;/ul&gt;
                    &lt;/div&gt;
                    &lt;div b-veftjlzp7g="" class="crf-footer--links"&gt;
                        &lt;div b-veftjlzp7g="" class="crf-footer--header text-primary"&gt;Privacy &amp;amp; Terms&lt;/div&gt;
                        &lt;ul b-veftjlzp7g=""&gt;
                            &lt;li b-veftjlzp7g=""&gt;&lt;a b-veftjlzp7g="" href="#"&gt;Privacy &amp;amp; Security&lt;/a&gt;&lt;/li&gt;
                            &lt;li b-veftjlzp7g=""&gt;&lt;a b-veftjlzp7g="" href="#"&gt;Statement&lt;/a&gt;&lt;/li&gt;
                            &lt;li b-veftjlzp7g=""&gt;&lt;a b-veftjlzp7g="" href="#"&gt;Terms &amp;amp; Conditions&lt;/a&gt;&lt;/li&gt;
                        &lt;/ul&gt;
                    &lt;/div&gt;
                    &lt;div b-veftjlzp7g="" class="crf-footer--links crf-footer--social"&gt;
                        &lt;div b-veftjlzp7g="" class="crf-footer--header text-primary d-lg-block  d-none d-sm-none"&gt;Follow Us&lt;/div&gt;
                        &lt;ul b-veftjlzp7g="" class="d-lg-block  d-none d-sm-none"&gt;
                            &lt;li b-veftjlzp7g=""&gt;&lt;a b-veftjlzp7g="" href="#" class="crf-footer--icon twitter"&gt;&lt;/a&gt;&lt;/li&gt;
                            &lt;li b-veftjlzp7g=""&gt;&lt;a b-veftjlzp7g="" href="#" class="crf-footer--icon facebook"&gt;&lt;/a&gt;&lt;/li&gt;
                            &lt;li b-veftjlzp7g=""&gt;&lt;a b-veftjlzp7g="" href="#" class="crf-footer--icon pinterest"&gt;&lt;/a&gt;&lt;/li&gt;
                            &lt;li b-veftjlzp7g=""&gt;&lt;a b-veftjlzp7g="" href="#" class="crf-footer--icon instagram"&gt;&lt;/a&gt;&lt;/li&gt;
                            &lt;li b-veftjlzp7g=""&gt;&lt;a b-veftjlzp7g="" href="#" class="crf-footer--icon googleplus"&gt;&lt;/a&gt;&lt;/li&gt;
                        &lt;/ul&gt;
                        &lt;div b-veftjlzp7g="" class="crf-footer--newsletter"&gt;
                            &lt;div b-veftjlzp7g="" class="crf-footer--header"&gt;Email Updates&lt;/div&gt;
                            &lt;div b-veftjlzp7g="" class="crf-footer--subheader"&gt;Exclusive sales, special offers, and more.&lt;/div&gt;
                            &lt;input b-veftjlzp7g="" type="text" class="form-control" placeholder="Enter email address"&gt;
                            &lt;button b-veftjlzp7g="" class="btn btn-primary"&gt;Sign up&lt;/button&gt;
                        &lt;/div&gt;
                    &lt;/div&gt;
                    &lt;div b-veftjlzp7g="" class="crf-footer--links crf-footer-m--social d-block   d-lg-none"&gt;
                        &lt;div b-veftjlzp7g="" class="crf-footer--header text-primary"&gt;Follow Us&lt;/div&gt;
                        &lt;ul b-veftjlzp7g=""&gt;
                            &lt;li b-veftjlzp7g=""&gt;&lt;a b-veftjlzp7g="" href="#" class="crf-footer--icon twitter"&gt;&lt;/a&gt;&lt;/li&gt;
                            &lt;li b-veftjlzp7g=""&gt;&lt;a b-veftjlzp7g="" href="#" class="crf-footer--icon facebook"&gt;&lt;/a&gt;&lt;/li&gt;
                            &lt;li b-veftjlzp7g=""&gt;&lt;a b-veftjlzp7g="" href="#" class="crf-footer--icon pinterest"&gt;&lt;/a&gt;&lt;/li&gt;
                            &lt;li b-veftjlzp7g=""&gt;&lt;a b-veftjlzp7g="" href="#" class="crf-footer--icon instagram"&gt;&lt;/a&gt;&lt;/li&gt;
                            &lt;li b-veftjlzp7g=""&gt;&lt;a b-veftjlzp7g="" href="#" class="crf-footer--icon googleplus"&gt;&lt;/a&gt;&lt;/li&gt;
                        &lt;/ul&gt;
                    &lt;/div&gt;
                &lt;/div&gt;
            &lt;/div&gt;
        &lt;/div&gt;
        &lt;div b-veftjlzp7g="" class="crf-footer--logo d-flex"&gt;
            &lt;div b-veftjlzp7g="" class="container justify-content-start align-items-center d-flex flex-column"&gt;
                &lt;img b-veftjlzp7g="" src="https://www.pluralsight.com/content/dam/pluralsight2/teach/author-tools/carved-rock-fitness/logos/pluralsight-white.png"&gt;
                &lt;div b-veftjlzp7g=""&gt;This site is created for demonstrative purposes only and does not offer any real products or services.&lt;/div&gt;
            &lt;/div&gt;
        &lt;/div&gt;
        &lt;div b-veftjlzp7g="" class="crf-footer--copyright text-primary"&gt;@Pluralsight 2024&lt;/div&gt;
    &lt;/footer&gt;
&lt;/div&gt;


&lt;script type="text/javascript"&gt;
    (function () {
        setCartCount();
    })();
&lt;/script&gt;

&lt;/body&gt;</StdOut>
      </Output>
    </UnitTestResult>
    <UnitTestResult executionId="1a14cfc0-b21a-4056-9e24-ca11b061ba2e" testId="a6c8e377-dc22-86d6-c717-8658c1549c1e" testName="CarvedRock.InnerLoop.WebApp.Tests.CartPageTests.GetLoggedInEmtpyCartPage" computerName="TARDIS" duration="00:00:00.0456816" startTime="2026-09-19T19:30:35.9513265-06:00" endTime="2026-09-19T19:30:35.9968508-06:00" testType="13cdc9d9-ddb5-4fa4-a97d-d965ccfc6d4b" outcome="Passed" testListId="8c84fa94-04c1-424b-9868-57a2d4851a1d" relativeResultsDirectory="1a14cfc0-b21a-4056-9e24-ca11b061ba2e">
      <Output>
        <StdOut>&lt;body&gt;
    &lt;div b-veftjlzp7g="" class="crf"&gt;
    &lt;!-- NAVIGATION --&gt;
    &lt;nav b-veftjlzp7g="" class="navbar navbar-expand flex-column flex-md-row header-nav--nav"&gt;
        &lt;div b-veftjlzp7g="" class="container"&gt;
            &lt;div b-veftjlzp7g="" class="d-md-flex justify-content-between"&gt;
                &lt;div b-veftjlzp7g="" class="navbar-brand d-flex justify-content-between align-items-center"&gt;
                    &lt;a b-veftjlzp7g="" href="/"&gt;&lt;img b-veftjlzp7g="" alt="Carved Rock Fitness" src="https://www.pluralsight.com/content/dam/pluralsight2/teach/author-tools/carved-rock-fitness/logos/carved-rock-logo.png"&gt;&lt;/a&gt; &lt;button b-veftjlzp7g="" aria-controls="navbarNav" aria-expanded="false" aria-label="Toggle navigation" class="navbar-toggle" data-target="#navbarNav" data-toggle="collapse" type="button"&gt;&lt;span b-veftjlzp7g="" class="icon-bar"&gt;&lt;/span&gt;&lt;span b-veftjlzp7g="" class="icon-bar"&gt;&lt;/span&gt;&lt;span b-veftjlzp7g="" class="icon-bar"&gt;&lt;/span&gt;&lt;/button&gt;
                &lt;/div&gt;
                &lt;div b-veftjlzp7g="" class="collapse navbar-collapse justify-content-center align-items-center" id="navbarNav"&gt;
                    &lt;div b-veftjlzp7g="" class="header-nav--main"&gt;                       
                        &lt;ul b-veftjlzp7g="" class="navbar-nav"&gt;                            
                            &lt;li b-veftjlzp7g="" class="nav-item"&gt;&lt;a b-veftjlzp7g="" class="nav-link orange-border" href="/Listing?cat=boots"&gt;Footwear&lt;/a&gt;&lt;/li&gt;
                            &lt;li b-veftjlzp7g="" class="nav-item"&gt;&lt;a b-veftjlzp7g="" class="nav-link orange-border" href="/Listing?cat=kayak"&gt;Kayaks&lt;/a&gt;&lt;/li&gt;
                            &lt;li b-veftjlzp7g="" class="nav-item"&gt;&lt;a b-veftjlzp7g="" class="nav-link orange-border" href="/Listing?cat=equip"&gt;Equipment&lt;/a&gt;&lt;/li&gt;
                            &lt;li b-veftjlzp7g="" class="nav-item"&gt;&lt;a b-veftjlzp7g="" class="nav-link orange-border" href="/Cart" id="carvedrockcart"&gt;Cart&lt;/a&gt;&lt;/li&gt;
                                &lt;li b-veftjlzp7g="" class="nav-item"&gt;&lt;a b-veftjlzp7g="" class="nav-link orange-border" href="/Admin"&gt;Admin&lt;/a&gt;&lt;/li&gt;
                        &lt;/ul&gt;
                    &lt;/div&gt;
                    &lt;div b-veftjlzp7g="" class="header-nav--utilities d-flex align-items-center justify-content-end flex-row-reverse flex-row flex-md-row"&gt;
                       &lt;ul b-veftjlzp7g="" class="navbar-nav"&gt;
                           &lt;li b-veftjlzp7g="" class="nav-item"&gt;&lt;a b-veftjlzp7g="" class="nav-link" style="padding-right:20px;" target="_blank" href="https://demo.duendesoftware.com"&gt;IdSrv&lt;/a&gt;&lt;/li&gt;
                       &lt;/ul&gt;
                       &lt;ul class="navbar-nav"&gt;
        &lt;div class="account d-flex flex-column"&gt;
             &lt;a href="/Logout" style="font-weight:bold;"&gt;Sign Out&lt;/a&gt;
        &lt;/div&gt;
&lt;/ul&gt;
                       
                    &lt;/div&gt;
                &lt;/div&gt;
            &lt;/div&gt;
        &lt;/div&gt;
    &lt;/nav&gt;   
    &lt;div b-veftjlzp7g="" style="padding-left:30px;padding-right:30px;"&gt;
            
&lt;h1&gt;Your Cart&lt;/h1&gt;

    &lt;p&gt;Your cart is empty. Go add some items!&lt;/p&gt;

    &lt;/div&gt;

    &lt;footer b-veftjlzp7g="" class="d-flex justify-content-stretch"&gt;
        &lt;div b-veftjlzp7g="" class="crf-footer--category"&gt;
            &lt;div b-veftjlzp7g="" class="container"&gt;
                &lt;div b-veftjlzp7g="" class="row row d-md-flex justify-content-between flex-sm-column flex-lg-row"&gt;
                    &lt;div b-veftjlzp7g="" class="crf-footer--links active"&gt;
                        &lt;div b-veftjlzp7g="" class="crf-footer--header text-primary"&gt;Customer Support&lt;/div&gt;
                        &lt;ul b-veftjlzp7g=""&gt;
                            &lt;li b-veftjlzp7g=""&gt;&lt;a b-veftjlzp7g="" href="#"&gt;Contact Us&lt;/a&gt;&lt;/li&gt;
                            &lt;li b-veftjlzp7g=""&gt;&lt;a b-veftjlzp7g="" href="#"&gt;Order Tracker&lt;/a&gt;&lt;/li&gt;
                            &lt;li b-veftjlzp7g=""&gt;&lt;a b-veftjlzp7g="" href="#"&gt;Returns &amp;amp; Refunds&lt;/a&gt;&lt;/li&gt;
                            &lt;li b-veftjlzp7g=""&gt;&lt;a b-veftjlzp7g="" href="#"&gt;Size Guide&lt;/a&gt;&lt;/li&gt;
                            &lt;li b-veftjlzp7g=""&gt;&lt;a b-veftjlzp7g="" href="#"&gt;Store Locator&lt;/a&gt;&lt;/li&gt;
                            &lt;li b-veftjlzp7g=""&gt;&lt;a b-veftjlzp7g="" href="#"&gt;Site Map&lt;/a&gt;&lt;/li&gt;
                        &lt;/ul&gt;
                    &lt;/div&gt;
                    &lt;div b-veftjlzp7g="" class="crf-footer--links"&gt;
                        &lt;div b-veftjlzp7g="" class="crf-footer--header text-primary"&gt;Company Info&lt;/div&gt;
                        &lt;ul b-veftjlzp7g=""&gt;
                            &lt;li b-veftjlzp7g=""&gt;&lt;a b-veftjlzp7g="" href="#"&gt;About Us&lt;/a&gt;&lt;/li&gt;
                            &lt;li b-veftjlzp7g=""&gt;&lt;a b-veftjlzp7g="" href="#"&gt;Careers&lt;/a&gt;&lt;/li&gt;
                            &lt;li b-veftjlzp7g=""&gt;&lt;a b-veftjlzp7g="" href="#"&gt;Press&lt;/a&gt;&lt;/li&gt;
                            &lt;li b-veftjlzp7g=""&gt;&lt;a b-veftjlzp7g="" href="#"&gt;Sustainability&lt;/a&gt;&lt;/li&gt;
                            &lt;li b-veftjlzp7g=""&gt;&lt;a b-veftjlzp7g="" href="#"&gt;Affiliates&lt;/a&gt;&lt;/li&gt;
                            &lt;li b-veftjlzp7g=""&gt;&lt;a b-veftjlzp7g="" href="#"&gt;Students&lt;/a&gt;&lt;/li&gt;
                            &lt;li b-veftjlzp7g=""&gt;&lt;a b-veftjlzp7g="" href="#"&gt;Mobile Apps&lt;/a&gt;&lt;/li&gt;
                        &lt;/ul&gt;
                    &lt;/div&gt;
                    &lt;div b-veftjlzp7g="" class="crf-footer--links"&gt;
                        &lt;div b-veftjlzp7g="" class="crf-footer--header text-primary"&gt;Privacy &amp;amp; Terms&lt;/div&gt;
                        &lt;ul b-veftjlzp7g=""&gt;
                            &lt;li b-veftjlzp7g=""&gt;&lt;a b-veftjlzp7g="" href="#"&gt;Privacy &amp;amp; Security&lt;/a&gt;&lt;/li&gt;
                            &lt;li b-veftjlzp7g=""&gt;&lt;a b-veftjlzp7g="" href="#"&gt;Statement&lt;/a&gt;&lt;/li&gt;
                            &lt;li b-veftjlzp7g=""&gt;&lt;a b-veftjlzp7g="" href="#"&gt;Terms &amp;amp; Conditions&lt;/a&gt;&lt;/li&gt;
                        &lt;/ul&gt;
                    &lt;/div&gt;
                    &lt;div b-veftjlzp7g="" class="crf-footer--links crf-footer--social"&gt;
                        &lt;div b-veftjlzp7g="" class="crf-footer--header text-primary d-lg-block  d-none d-sm-none"&gt;Follow Us&lt;/div&gt;
                        &lt;ul b-veftjlzp7g="" class="d-lg-block  d-none d-sm-none"&gt;
                            &lt;li b-veftjlzp7g=""&gt;&lt;a b-veftjlzp7g="" href="#" class="crf-footer--icon twitter"&gt;&lt;/a&gt;&lt;/li&gt;
                            &lt;li b-veftjlzp7g=""&gt;&lt;a b-veftjlzp7g="" href="#" class="crf-footer--icon facebook"&gt;&lt;/a&gt;&lt;/li&gt;
                            &lt;li b-veftjlzp7g=""&gt;&lt;a b-veftjlzp7g="" href="#" class="crf-footer--icon pinterest"&gt;&lt;/a&gt;&lt;/li&gt;
                            &lt;li b-veftjlzp7g=""&gt;&lt;a b-veftjlzp7g="" href="#" class="crf-footer--icon instagram"&gt;&lt;/a&gt;&lt;/li&gt;
                            &lt;li b-veftjlzp7g=""&gt;&lt;a b-veftjlzp7g="" href="#" class="crf-footer--icon googleplus"&gt;&lt;/a&gt;&lt;/li&gt;
                        &lt;/ul&gt;
                        &lt;div b-veftjlzp7g="" class="crf-footer--newsletter"&gt;
                            &lt;div b-veftjlzp7g="" class="crf-footer--header"&gt;Email Updates&lt;/div&gt;
                            &lt;div b-veftjlzp7g="" class="crf-footer--subheader"&gt;Exclusive sales, special offers, and more.&lt;/div&gt;
                            &lt;input b-veftjlzp7g="" type="text" class="form-control" placeholder="Enter email address"&gt;
                            &lt;button b-veftjlzp7g="" class="btn btn-primary"&gt;Sign up&lt;/button&gt;
                        &lt;/div&gt;
                    &lt;/div&gt;
                    &lt;div b-veftjlzp7g="" class="crf-footer--links crf-footer-m--social d-block   d-lg-none"&gt;
                        &lt;div b-veftjlzp7g="" class="crf-footer--header text-primary"&gt;Follow Us&lt;/div&gt;
                        &lt;ul b-veftjlzp7g=""&gt;
                            &lt;li b-veftjlzp7g=""&gt;&lt;a b-veftjlzp7g="" href="#" class="crf-footer--icon twitter"&gt;&lt;/a&gt;&lt;/li&gt;
                            &lt;li b-veftjlzp7g=""&gt;&lt;a b-veftjlzp7g="" href="#" class="crf-footer--icon facebook"&gt;&lt;/a&gt;&lt;/li&gt;
                            &lt;li b-veftjlzp7g=""&gt;&lt;a b-veftjlzp7g="" href="#" class="crf-footer--icon pinterest"&gt;&lt;/a&gt;&lt;/li&gt;
[...]
      <Execution id="1a14cfc0-b21a-4056-9e24-ca11b061ba2e" />
      <TestMethod codeBase="D:\GitHub\automation-testing-strategies-aspnet\tests\CarvedRock.InnerLoop.WebApp.Tests\bin\Release\net10.0\CarvedRock.InnerLoop.WebApp.Tests.dll" adapterTypeName="executor://xunit/VsTestRunner3/netcore/" className="CarvedRock.InnerLoop.WebApp.Tests.CartPageTests" name="GetLoggedInEmtpyCartPage" />
    </UnitTest>
    <UnitTest name="CarvedRock.InnerLoop.WebApp.Tests.ListingPageTests.GetListingPage(category: &quot;equip&quot;)" storage="d:\github\automation-testing-strategies-aspnet\tests\carvedrock.innerloop.webapp.tests\bin\release\net10.0\carvedrock.innerloop.webapp.tests.dll" id="793114bc-5556-b98a-bd80-bc4fca623d43">
      <Execution id="98846308-a155-4cd9-9bc6-a167e8f3b0e0" />
      <TestMethod codeBase="D:\GitHub\automation-testing-strategies-aspnet\tests\CarvedRock.InnerLoop.WebApp.Tests\bin\Release\net10.0\CarvedRock.InnerLoop.WebApp.Tests.dll" adapterTypeName="executor://xunit/VsTestRunner3/netcore/" className="CarvedRock.InnerLoop.WebApp.Tests.ListingPageTests" name="GetListingPage" />
    </UnitTest>
    <UnitTest name="CarvedRock.InnerLoop.WebApp.Tests.CheckoutPageTests.GetLoggedInEmtpyCheckoutPage" storage="d:\github\automation-testing-strategies-aspnet\tests\carvedrock.innerloop.webapp.tests\bin\release\net10.0\carvedrock.innerloop.webapp.tests.dll" id="903d7b2c-b26d-a2b1-cccb-eb6f2fed0017">
      <Execution id="4c877631-d98a-449d-94d3-6a71a556e550" />
      <TestMethod codeBase="D:\GitHub\automation-testing-strategies-aspnet\tests\CarvedRock.InnerLoop.WebApp.Tests\bin\Release\net10.0\CarvedRock.InnerLoop.WebApp.Tests.dll" adapterTypeName="executor://xunit/VsTestRunner3/netcore/" className="CarvedRock.InnerLoop.WebApp.Tests.CheckoutPageTests" name="GetLoggedInEmtpyCheckoutPage" />
    </UnitTest>
    <UnitTest name="CarvedRock.InnerLoop.WebApp.Tests.AdminPageTests.AdminPageForbidden" storage="d:\github\automation-testing-strategies-aspnet\tests\carvedrock.innerloop.webapp.tests\bin\release\net10.0\carvedrock.innerloop.webapp.tests.dll" id="be085897-92b2-cd94-6fb8-e758dd8d1f0e">
      <Execution id="38b173b0-18b8-4cc5-9716-64dcff78ca3b" />
      <TestMethod codeBase="D:\GitHub\automation-testing-strategies-aspnet\tests\CarvedRock.InnerLoop.WebApp.Tests\bin\Release\net10.0\CarvedRock.InnerLoop.WebApp.Tests.dll" adapterTypeName="executor://xunit/VsTestRunner3/netcore/" className="CarvedRock.InnerLoop.WebApp.Tests.AdminPageTests" name="AdminPageForbidden" />
    </UnitTest>
    <UnitTest name="CarvedRock.InnerLoop.WebApp.Tests.ListingPageTests.GetListingPageWithError" storage="d:\github\automation-testing-strategies-aspnet\tests\carvedrock.innerloop.webapp.tests\bin\release\net10.0\carvedrock.innerloop.webapp.tests.dll" id="5728c1fb-e493-ee2d-ffc5-b24f3e9c0bf8">
      <Execution id="94495675-b6cb-405b-8570-21b44a4b98b1" />
      <TestMethod codeBase="D:\GitHub\automation-testing-strategies-aspnet\tests\CarvedRock.InnerLoop.WebApp.Tests\bin\Release\net10.0\CarvedRock.InnerLoop.WebApp.Tests.dll" adapterTypeName="executor://xunit/VsTestRunner3/netcore/" className="CarvedRock.InnerLoop.WebApp.Tests.ListingPageTests" name="GetListingPageWithError" />
    </UnitTest>
    <UnitTest name="CarvedRock.InnerLoop.WebApp.Tests.ThankYouPageTests.GetThankYouPage" storage="d:\github\automation-testing-strategies-aspnet\tests\carvedrock.innerloop.webapp.tests\bin\release\net10.0\carvedrock.innerloop.webapp.tests.dll" id="1b6b2b19-4c3d-f7b9-9af1-7b0bd793d106">
      <Execution id="e32ae898-6434-40ec-bcc3-535e63906de5" />
      <TestMethod codeBase="D:\GitHub\automation-testing-strategies-aspnet\tests\CarvedRock.InnerLoop.WebApp.Tests\bin\Release\net10.0\CarvedRock.InnerLoop.WebApp.Tests.dll" adapterTypeName="executor://xunit/VsTestRunner3/netcore/" className="CarvedRock.InnerLoop.WebApp.Tests.ThankYouPageTests" name="GetThankYouPage" />
    </UnitTest>
    <UnitTest name="CarvedRock.InnerLoop.WebApp.Tests.ListingPageTests.GetListingPage(category: &quot;kayak&quot;)" storage="d:\github\automation-testing-strategies-aspnet\tests\carvedrock.innerloop.webapp.tests\bin\release\net10.0\carvedrock.innerloop.webapp.tests.dll" id="1ab353a9-9645-2912-b656-1f6ce948925d">
      <Execution id="2686d3c6-ce2e-419a-98b3-0579b30e457b" />
      <TestMethod codeBase="D:\GitHub\automation-testing-strategies-aspnet\tests\CarvedRock.InnerLoop.WebApp.Tests\bin\Release\net10.0\CarvedRock.InnerLoop.WebApp.Tests.dll" adapterTypeName="executor://xunit/VsTestRunner3/netcore/" className="CarvedRock.InnerLoop.WebApp.Tests.ListingPageTests" name="GetListingPage" />
    </UnitTest>
    <UnitTest name="CarvedRock.InnerLoop.WebApp.Tests.CartPageTests.GetLoggedInCartPageWithItems" storage="d:\github\automation-testing-strategies-aspnet\tests\carvedrock.innerloop.webapp.tests\bin\release\net10.0\carvedrock.innerloop.webapp.tests.dll" id="ea890dd4-e695-50aa-52a4-df7e8c36b0e2">
      <Execution id="6f109be7-a6f0-4202-956e-7d3040f74dd1" />
      <TestMethod codeBase="D:\GitHub\automation-testing-strategies-aspnet\tests\CarvedRock.InnerLoop.WebApp.Tests\bin\Release\net10.0\CarvedRock.InnerLoop.WebApp.Tests.dll" adapterTypeName="executor://xunit/VsTestRunner3/netcore/" className="CarvedRock.InnerLoop.WebApp.Tests.CartPageTests" name="GetLoggedInCartPageWithItems" />
    </UnitTest>
    <UnitTest name="CarvedRock.InnerLoop.WebApp.Tests.CheckoutPageTests.GetLoggedInCheckoutPageWithItems" storage="d:\github\automation-testing-strategies-aspnet\tests\carvedrock.innerloop.webapp.tests\bin\release\net10.0\carvedrock.innerloop.webapp.tests.dll" id="5b24e48a-ea68-0fab-5cf8-951ccd955dc6">
      <Execution id="5915726b-6e42-4915-85da-b13c4712f605" />
      <TestMethod codeBase="D:\GitHub\automation-testing-strategies-aspnet\tests\CarvedRock.InnerLoop.WebApp.Tests\bin\Release\net10.0\CarvedRock.InnerLoop.WebApp.Tests.dll" adapterTypeName="executor://xunit/VsTestRunner3/netcore/" className="CarvedRock.InnerLoop.WebApp.Tests.CheckoutPageTests" name="GetLoggedInCheckoutPageWithItems" />
    </UnitTest>
    <UnitTest name="CarvedRock.InnerLoop.WebApp.Tests.AdminPageTests.AdminPageAllowed(name: &quot;Erik Smith&quot;, idp: &quot;Google&quot;)" storage="d:\github\automation-testing-strategies-aspnet\tests\carvedrock.innerloop.webapp.tests\bin\release\net10.0\carvedrock.innerloop.webapp.tests.dll" id="d9417f84-df86-e4e4-683e-0de9ac821683">
      <Execution id="1248cd01-d2ff-472f-acea-452830600180" />
      <TestMethod codeBase="D:\GitHub\automation-testing-strategies-aspnet\tests\CarvedRock.InnerLoop.WebApp.Tests\bin\Release\net10.0\CarvedRock.InnerLoop.WebApp.Tests.dll" adapterTypeName="executor://xunit/VsTestRunner3/netcore/" className="CarvedRock.InnerLoop.WebApp.Tests.AdminPageTests" name="AdminPageAllowed" />
    </UnitTest>
    <UnitTest name="CarvedRock.InnerLoop.WebApp.Tests.ListingPageTests.GetListingPage(category: &quot;nothing&quot;)" storage="d:\github\automation-testing-strategies-aspnet\tests\carvedrock.innerloop.webapp.tests\bin\release\net10.0\carvedrock.innerloop.webapp.tests.dll" id="9fff13ac-f4b5-b116-017e-205185494e60">
      <Execution id="92848a2b-7cf7-4e4c-8f5d-a4ff65eaaff7" />
      <TestMethod codeBase="D:\GitHub\automation-testing-strategies-aspnet\tests\CarvedRock.InnerLoop.WebApp.Tests\bin\Release\net10.0\CarvedRock.InnerLoop.WebApp.Tests.dll" adapterTypeName="executor://xunit/VsTestRunner3/netcore/" className="CarvedRock.InnerLoop.WebApp.Tests.ListingPageTests" name="GetListingPage" />
    </UnitTest>
  </TestDefinitions>
  <TestEntries>
    <TestEntry testId="2ab58350-cd62-fe78-913e-a3059c8f5f98" executionId="94c0afa1-9794-4218-a7c4-b9cdcadd08fd" testListId="8c84fa94-04c1-424b-9868-57a2d4851a1d" />
    <TestEntry testId="1ab353a9-9645-2912-b656-1f6ce948925d" executionId="2686d3c6-ce2e-419a-98b3-0579b30e457b" testListId="8c84fa94-04c1-424b-9868-57a2d4851a1d" />
    <TestEntry testId="793114bc-5556-b98a-bd80-bc4fca623d43" executionId="98846308-a155-4cd9-9bc6-a167e8f3b0e0" testListId="8c84fa94-04c1-424b-9868-57a2d4851a1d" />
    <TestEntry testId="5728c1fb-e493-ee2d-ffc5-b24f3e9c0bf8" executionId="94495675-b6cb-405b-8570-21b44a4b98b1" testListId="8c84fa94-04c1-424b-9868-57a2d4851a1d" />
    <TestEntry testId="9fff13ac-f4b5-b116-017e-205185494e60" executionId="92848a2b-7cf7-4e4c-8f5d-a4ff65eaaff7" testListId="8c84fa94-04c1-424b-9868-57a2d4851a1d" />
    <TestEntry testId="ea890dd4-e695-50aa-52a4-df7e8c36b0e2" executionId="6f109be7-a6f0-4202-956e-7d3040f74dd1" testListId="8c84fa94-04c1-424b-9868-57a2d4851a1d" />
    <TestEntry testId="a6c8e377-dc22-86d6-c717-8658c1549c1e" executionId="1a14cfc0-b21a-4056-9e24-ca11b061ba2e" testListId="8c84fa94-04c1-424b-9868-57a2d4851a1d" />
    <TestEntry testId="d2e08155-eacb-2fe1-3dbf-75938e2921aa" executionId="aa9d30b0-b4fd-4b21-8a01-aabc66ff29c1" testListId="8c84fa94-04c1-424b-9868-57a2d4851a1d" />
    <TestEntry testId="be085897-92b2-cd94-6fb8-e758dd8d1f0e" executionId="38b173b0-18b8-4cc5-9716-64dcff78ca3b" testListId="8c84fa94-04c1-424b-9868-57a2d4851a1d" />
    <TestEntry testId="5e561977-394b-4c32-a2c0-87a0d119c170" executionId="e0944745-fac5-45f3-b3f8-33af5f009194" testListId="8c84fa94-04c1-424b-9868-57a2d4851a1d" />
    <TestEntry testId="d9417f84-df86-e4e4-683e-0de9ac821683" executionId="1248cd01-d2ff-472f-acea-452830600180" testListId="8c84fa94-04c1-424b-9868-57a2d4851a1d" />
    <TestEntry testId="8cf75660-2937-4acb-9d82-89ffe9f225e0" executionId="1026ff14-71e0-4cd1-be24-40849a718c85" testListId="8c84fa94-04c1-424b-9868-57a2d4851a1d" />
    <TestEntry testId="344c0a17-4b02-c756-1744-80b7a8a25514" executionId="0e2f56a3-311c-466c-aa5b-9c5ee068392c" testListId="8c84fa94-04c1-424b-9868-57a2d4851a1d" />
    <TestEntry testId="89e1772e-a6bc-8a1a-0992-59b0cbb306d1" executionId="1ce2abbd-8650-4338-ba4d-92963263b048" testListId="8c84fa94-04c1-424b-9868-57a2d4851a1d" />
    <TestEntry testId="903d7b2c-b26d-a2b1-cccb-eb6f2fed0017" executionId="4c877631-d98a-449d-94d3-6a71a556e550" testListId="8c84fa94-04c1-424b-9868-57a2d4851a1d" />
    <TestEntry testId="9103a7ed-dfcf-bf5a-07ba-9293dd1938a0" executionId="97cc3dc4-011a-4cdf-81e2-af2df742d8be" testListId="8c84fa94-04c1-424b-9868-57a2d4851a1d" />
    <TestEntry testId="5b24e48a-ea68-0fab-5cf8-951ccd955dc6" executionId="5915726b-6e42-4915-85da-b13c4712f605" testListId="8c84fa94-04c1-424b-9868-57a2d4851a1d" />
    <TestEntry testId="4d098264-dccf-70c9-e45d-e2cba336584b" executionId="0dfe122e-0b50-41e4-9aa0-47cd01dfcddc" testListId="8c84fa94-04c1-424b-9868-57a2d4851a1d" />
    <TestEntry testId="1b6b2b19-4c3d-f7b9-9af1-7b0bd793d106" executionId="e32ae898-6434-40ec-bcc3-535e63906de5" testListId="8c84fa94-04c1-424b-9868-57a2d4851a1d" />
    <TestEntry testId="df7e4ffd-7373-18ae-a74c-18ce96f1864a" executionId="0638135e-fb01-4477-912f-5449d931d474" testListId="8c84fa94-04c1-424b-9868-57a2d4851a1d" />
  </TestEntries>
  <TestLists>
    <TestList name="Results Not in a List" id="8c84fa94-04c1-424b-9868-57a2d4851a1d" />
    <TestList name="All Loaded Results" id="19431567-8539-422a-85d7-44ee4e166bda" />
  </TestLists>
  <ResultSummary outcome="Completed">
    <Counters total="20" executed="20" passed="20" failed="0" error="0" timeout="0" aborted="0" inconclusive="0" passedButRunAborted="0" notRunnable="0" notExecuted="0" disconnected="0" warning="0" completed="0" inProgress="0" pending="0" />
    <Output>
      <StdOut>[xUnit.net 00:00:00.00] xUnit.net VSTest Adapter v4.0.0+05679a7ab5 (64-bit .NET 10.0.12)&#xD;
[xUnit.net 00:00:00.50]   Discovering: CarvedRock.InnerLoop.WebApp.Tests&#xD;
[xUnit.net 00:00:00.61]   Discovered:  CarvedRock.InnerLoop.WebApp.Tests&#xD;
[xUnit.net 00:00:00.65]   Starting:    CarvedRock.InnerLoop.WebApp.Tests&#xD;
[19:30:25 INF] Application started. Press Ctrl+C to shut down.&#xD;
[19:30:25 INF] Application started. Press Ctrl+C to shut down.&#xD;
[19:30:25 INF] Hosting environment: Development&#xD;
[19:30:25 INF] Hosting environment: Development&#xD;
[19:30:25 INF] Content root path: D:\GitHub\automation-testing-strategies-aspnet\CarvedRock.WebApp&#xD;
[19:30:25 INF] Content root path: D:\GitHub\automation-testing-strategies-aspnet\CarvedRock.WebApp&#xD;
[19:30:25 INF] Application started. Press Ctrl+C to shut down.&#xD;
[19:30:25 INF] Hosting environment: innerloop-test&#xD;
[19:30:25 INF] Content root path: D:\GitHub\automation-testing-strategies-aspnet\CarvedRock.WebApp&#xD;
[19:30:26 DBG] AuthenticationScheme: TestScheme was successfully authenticated.&#xD;
[19:30:26 WRN] User  experienced an error.&#xD;
[19:30:26 INF] Application is shutting down...&#xD;
[19:30:26 INF] Application is shutting down...&#xD;
[19:30:26 INF] Application is shutting down...&#xD;
[19:30:26 INF] Application started. Press Ctrl+C to shut down.&#xD;
[19:30:26 INF] Hosting environment: innerloop-test&#xD;
[19:30:26 INF] Content root path: D:\GitHub\automation-testing-strategies-aspnet\CarvedRock.WebApp&#xD;
[19:30:26 INF] TestScheme was not authenticated. Failure message: No X-Authorization Header&#xD;
[19:30:26 INF] TestScheme was not authenticated. Failure message: No X-Authorization Header&#xD;
[19:30:31 INF] TestScheme was not authenticated. Failure message: No X-Authorization Header&#xD;
[19:30:31 INF] TestScheme was not authenticated. Failure message: No X-Authorization Header&#xD;
[19:30:31 INF] TestScheme was not authenticated. Failure message: No X-Authorization Header&#xD;
[19:30:31 INF] TestScheme was not authenticated. Failure message: No X-Authorization Header&#xD;
[19:30:31 INF] TestScheme was not authenticated. Failure message: No X-Authorization Header&#xD;
[19:30:31 INF] TestScheme was not authenticated. Failure message: No X-Authorization Header&#xD;
[19:30:31 INF] TestScheme was not authenticated. Failure message: No X-Authorization Header&#xD;
[19:30:31 INF] TestScheme was not authenticated. Failure message: No X-Authorization Header&#xD;
[19:30:35 INF] TestScheme was not authenticated. Failure message: No X-Authorization Header&#xD;
[19:30:35 WRN] User  experienced an error.&#xD;
[19:30:35 ERR] An unhandled exception has occurred while executing the request.&#xD;
System.Collections.Generic.KeyNotFoundException: The given key 'traceId' was not present in the dictionary.&#xD;
   at System.Collections.Generic.Dictionary`2.get_Item(TKey key)&#xD;
   at CarvedRock.WebApp.ProductService.GetProductsAsync(String category) in D:\GitHub\automation-testing-strategies-aspnet\CarvedRock.WebApp\ProductService.cs:line 51&#xD;
   at CarvedRock.WebApp.Pages.ListingModel.OnGetAsync() in D:\GitHub\automation-testing-strategies-aspnet\CarvedRock.WebApp\Pages\Listing.cshtml.cs:line 19&#xD;
   at Microsoft.AspNetCore.Mvc.RazorPages.Infrastructure.ExecutorFactory.NonGenericTaskHandlerMethod.Execute(Object receiver, Object[] arguments)&#xD;
   at Microsoft.AspNetCore.Mvc.RazorPages.Infrastructure.PageActionInvoker.InvokeHandlerMethodAsync()&#xD;
   at Microsoft.AspNetCore.Mvc.RazorPages.Infrastructure.PageActionInvoker.InvokeNextPageFilterAsync()&#xD;
   at Microsoft.AspNetCore.Mvc.RazorPages.Infrastructure.PageActionInvoker.Rethrow(PageHandlerExecutedContext context)&#xD;
   at Microsoft.AspNetCore.Mvc.RazorPages.Infrastructure.PageActionInvoker.Next(State&amp; next, Scope&amp; scope, Object&amp; state, Boolean&amp; isCompleted)&#xD;
   at Microsoft.AspNetCore.Mvc.RazorPages.Infrastructure.PageActionInvoker.InvokeInnerFilterAsync()&#xD;
   at Microsoft.AspNetCore.Mvc.Infrastructure.ResourceInvoker.&lt;InvokeNextResourceFilter&gt;g__Awaited|25_0(ResourceInvoker invoker, Task lastTask, State next, Scope scope, Object state, Boolean isCompleted)&#xD;
   at Microsoft.AspNetCore.Mvc.Infrastructure.ResourceInvoker.Rethrow(ResourceExecutedContextSealed context)&#xD;
   at Microsoft.AspNetCore.Mvc.Infrastructure.ResourceInvoker.Next(State&amp; next, Scope&amp; scope, Object&amp; state, Boolean&amp; isCompleted)&#xD;
   at Microsoft.AspNetCore.Mvc.Infrastructure.ResourceInvoker.&lt;InvokeFilterPipelineAsync&gt;g__Awaited|20_0(ResourceInvoker invoker, Task lastTask, State next, Scope scope, Object state, Boolean isCompleted)&#xD;
   at Microsoft.AspNetCore.Mvc.Infrastructure.ResourceInvoker.&lt;InvokeAsync&gt;g__Awaited|17_0(ResourceInvoker invoker, Task task, IDisposable scope)&#xD;
   at Microsoft.AspNetCore.Mvc.Infrastructure.ResourceInvoker.&lt;InvokeAsync&gt;g__Awaited|17_0(ResourceInvoker invoker, Task task, IDisposable scope)&#xD;
   at Microsoft.AspNetCore.Authorization.AuthorizationMiddleware.Invoke(HttpContext context)&#xD;
   at Microsoft.AspNetCore.Authentication.AuthenticationMiddleware.Invoke(HttpContext context)&#xD;
   at Microsoft.AspNetCore.Diagnostics.ExceptionHandlerMiddlewareImpl.&lt;Invoke&gt;g__Awaited|10_0(ExceptionHandlerMiddlewareImpl middleware, HttpContext context, Task task)&#xD;
[19:30:35 INF] Application is shutting down...&#xD;
[19:30:35 INF] Application started. Press Ctrl+C to shut down.&#xD;
[19:30:35 INF] Hosting environment: innerloop-test&#xD;
[19:30:35 INF] Content root path: D:\GitHub\automation-testing-strategies-aspnet\CarvedRock.WebApp&#xD;
[19:30:35 DBG] AuthenticationScheme: TestScheme was successfully authenticated.&#xD;
[19:30:35 DBG] AuthenticationScheme: TestScheme was successfully authenticated.&#xD;
[19:30:35 DBG] AuthenticationScheme: TestScheme was successfully authenticated.&#xD;
[19:30:35 INF] TestScheme was not authenticated. Failure message: No X-Authorization Header&#xD;
[19:30:35 DBG] AuthenticationScheme: TestScheme was successfully authenticated.&#xD;
[19:30:35 DBG] AuthenticationScheme: TestScheme was successfully authenticated.&#xD;
[19:30:35 DBG] AuthenticationScheme: TestScheme was successfully authenticated.&#xD;
[19:30:35 DBG] AuthenticationScheme: TestScheme was successfully authenticated.&#xD;
[19:30:35 INF] Application is shutting down...&#xD;
[19:30:35 INF] Application started. Press Ctrl+C to shut down.&#xD;
[19:30:35 INF] Hosting environment: innerloop-test&#xD;
[19:30:35 INF] Content root path: D:\GitHub\automation-testing-strategies-aspnet\CarvedRock.WebApp&#xD;
[19:30:35 DBG] AuthenticationScheme: TestScheme was successfully authenticated.&#xD;
[19:30:35 DBG] AuthenticationScheme: TestScheme was successfully authenticated.&#xD;
[19:30:36 DBG] AuthenticationScheme: TestScheme was successfully authenticated.&#xD;
[19:30:36 INF] TestScheme was not authenticated. Failure message: No X-Authorization Header&#xD;
[19:30:36 INF] Application is shutting down...&#xD;
[19:30:36 INF] Application started. Press Ctrl+C to shut down.&#xD;
[19:30:36 INF] Hosting environment: innerloop-test&#xD;
[19:30:36 INF] Content root path: D:\GitHub\automation-testing-strategies-aspnet\CarvedRock.WebApp&#xD;
[19:30:36 DBG] AuthenticationScheme: TestScheme was successfully authenticated.&#xD;
[19:30:36 DBG] AuthenticationScheme: TestScheme was successfully authenticated.&#xD;
[19:30:36 DBG] AuthenticationScheme: TestScheme was successfully authenticated.&#xD;
[19:30:36 DBG] AuthenticationScheme: TestScheme was successfully authenticated.&#xD;
[19:30:36 DBG] AuthenticationScheme: TestScheme was successfully authenticated.&#xD;
[19:30:36 INF] AuthenticationScheme: TestScheme was forbidden.&#xD;
[19:30:36 INF] TestScheme was not authenticated. Failure message: No X-Authorization Header&#xD;
[19:30:37 INF] Application is shutting down...&#xD;
[19:30:44 INF] Application started. Press Ctrl+C to shut down.&#xD;
[19:30:44 INF] Hosting environment: innerloop-test&#xD;
[19:30:44 INF] Content root path: D:\GitHub\automation-testing-strategies-aspnet\CarvedRock.WebApp&#xD;
[19:30:44 DBG] AuthenticationScheme: TestScheme was successfully authenticated.&#xD;
[19:30:44 INF] Application is shutting down...&#xD;
[xUnit.net 00:00:22.07]   Finished:    CarvedRock.InnerLoop.WebApp.Tests&#xD;
</StdOut>
    </Output>
  </ResultSummary>
</TestRun>