<?xml version="1.0" encoding="utf-8"?>
<TestRun id="d7299982-6b02-48ac-b9f9-f9e322306943" name="rodf@TARDIS 2026-09-19 19:30:22" runUser="TARDIS\rodf" xmlns="http://microsoft.com/schemas/VisualStudio/TeamTest/2010">
  <Times creation="2026-09-19T19:30:22.0261264-06:00" queuing="2026-09-19T19:30:22.0261270-06:00" start="2026-09-19T19:30:21.0304870-06:00" finish="2026-09-19T19:30:25.0817317-06:00" />
  <TestSettings name="default" id="944dda69-5d73-4b72-a78c-7573b6a88a44">
    <Deployment runDeploymentRoot="rodf_TARDIS_2026-09-19_19_30_22" />
  </TestSettings>
  <Results>
    <UnitTestResult executionId="1c8917fc-ce1d-44b9-ac68-d2619e8998a8" testId="b225778c-3bab-05ee-71f4-22b0244ac9f2" testName="CarvedRock.InnerLoop.Tests.ProductControllerTests.PostProductAnonymousIsUnauthorized" computerName="TARDIS" duration="00:00:00.0232252" startTime="2026-09-19T19:30:24.5904261-06:00" endTime="2026-09-19T19:30:24.5904265-06:00" testType="13cdc9d9-ddb5-4fa4-a97d-d965ccfc6d4b" outcome="Passed" testListId="8c84fa94-04c1-424b-9868-57a2d4851a1d" relativeResultsDirectory="1c8917fc-ce1d-44b9-ac68-d2619e8998a8" />
    <UnitTestResult executionId="3a51639e-d224-4732-8e3c-d413083266cd" testId="7c636bca-fb8b-c61c-4038-3f81131af663" testName="CarvedRock.InnerLoop.Tests.ProductValidatorTests.PriceValidationErrors(category: &quot;equip&quot;, price: 150.00999999999999, errorMessage: &quot;Price for equip must be between $20.00 and $150.00&quot;)" computerName="TARDIS" duration="00:00:00.0063904" startTime="2026-09-19T19:30:21.9991859-06:00" endTime="2026-09-19T19:30:21.9991864-06:00" testType="13cdc9d9-ddb5-4fa4-a97d-d965ccfc6d4b" outcome="Passed" testListId="8c84fa94-04c1-424b-9868-57a2d4851a1d" relativeResultsDirectory="3a51639e-d224-4732-8e3c-d413083266cd" />
    <UnitTestResult executionId="0e4e00dc-e435-47ab-920f-e59399ba4fca" testId="48160ddc-3481-272a-d2c5-5726ea9fd586" testName="CarvedRock.InnerLoop.Tests.ProductControllerTests.PostProductForbidden(name: &quot;Erik Smith&quot;, idp: &quot;Microsoft&quot;)" computerName="TARDIS" duration="00:00:00.0327653" startTime="2026-09-19T19:30:24.5669345-06:00" endTime="2026-09-19T19:30:24.5669347-06:00" testType="13cdc9d9-ddb5-4fa4-a97d-d965ccfc6d4b" outcome="Passed" testListId="8c84fa94-04c1-424b-9868-57a2d4851a1d" relativeResultsDirectory="0e4e00dc-e435-47ab-920f-e59399ba4fca" />
    <UnitTestResult executionId="10e17df9-e79b-4888-9bfa-87a6a415c2e1" testId="1dc27a61-d953-a05f-ffbe-8f19d715692a" testName="CarvedRock.InnerLoop.Tests.ProductValidatorTests.NameValidationErrors(nameToValidate: &quot;duplicate&quot;, errorMessage: &quot;A product with the same name already exists.&quot;)" computerName="TARDIS" duration="00:00:00.0042112" startTime="2026-09-19T19:30:21.9440205-06:00" endTime="2026-09-19T19:30:21.9440206-06:00" testType="13cdc9d9-ddb5-4fa4-a97d-d965ccfc6d4b" outcome="Passed" testListId="8c84fa94-04c1-424b-9868-57a2d4851a1d" relativeResultsDirectory="10e17df9-e79b-4888-9bfa-87a6a415c2e1">
      <Output>
        <StdOut>A product with the same name already exists.</StdOut>
      </Output>
    </UnitTestResult>
    <UnitTestResult executionId="8a8f9314-049e-4c5b-8792-8159bc6a9e94" testId="de66b68a-17ed-0c82-30ba-09d73ff176e8" testName="CarvedRock.InnerLoop.Tests.ProductControllerTests.PostProductSuccess(name: &quot;Bob Smith&quot;, idp: &quot;Google&quot;)" computerName="TARDIS" duration="00:00:00.0217288" startTime="2026-09-19T19:30:24.3834807-06:00" endTime="2026-09-19T19:30:24.3834808-06:00" testType="13cdc9d9-ddb5-4fa4-a97d-d965ccfc6d4b" outcome="Passed" testListId="8c84fa94-04c1-424b-9868-57a2d4851a1d" relativeResultsDirectory="8a8f9314-049e-4c5b-8792-8159bc6a9e94" />
    <UnitTestResult executionId="3dce5276-f556-4071-8b17-9ed0ab556fce" testId="b2e74274-143a-e78b-0f45-1aafd8dfcc57" testName="CarvedRock.InnerLoop.Tests.ProductValidatorTests.SuccessfulValidation(name: &quot;TestName&quot;, description: &quot;__max_description__&quot;, category: &quot;kayak&quot;, price: 500, imgUrl: &quot;https://test.com/test.jpg&quot;)" computerName="TARDIS" duration="00:00:00.0036900" startTime="2026-09-19T19:30:21.9841745-06:00" endTime="2026-09-19T19:30:21.9841750-06:00" testType="13cdc9d9-ddb5-4fa4-a97d-d965ccfc6d4b" outcome="Passed" testListId="8c84fa94-04c1-424b-9868-57a2d4851a1d" relativeResultsDirectory="3dce5276-f556-4071-8b17-9ed0ab556fce" />
    <UnitTestResult executionId="9cab5a6a-dbd9-4e0f-a014-c36488fec0ac" testId="a3cb8e5b-f4d6-d0f7-e67c-04cc061632d5" testName="CarvedRock.InnerLoop.Tests.ProductValidatorTests.NameValidationErrors(nameToValidate: &quot; &quot;, errorMessage: &quot;Name is required.&quot;)" computerName="TARDIS" duration="00:00:00.0013043" startTime="2026-09-19T19:30:21.9446536-06:00" endTime="2026-09-19T19:30:21.9446537-06:00" testType="13cdc9d9-ddb5-4fa4-a97d-d965ccfc6d4b" outcome="Passed" testListId="8c84fa94-04c1-424b-9868-57a2d4851a1d" relativeResultsDirectory="9cab5a6a-dbd9-4e0f-a014-c36488fec0ac">
      <Output>
        <StdOut>Name is required.</StdOut>
      </Output>
    </UnitTestResult>
    <UnitTestResult executionId="c5581ffc-e06b-4ac6-a897-19317facb6ed" testId="01b06887-16b2-b82f-c008-8cbe493950ba" testName="CarvedRock.InnerLoop.Tests.ProductValidatorTests.NameValidationErrors(nameToValidate: &quot;__too_long__&quot;, errorMessage: &quot;Name must not exceed 50 characters.&quot;)" computerName="TARDIS" duration="00:00:00.1606576" startTime="2026-09-19T19:30:21.9395383-06:00" endTime="2026-09-19T19:30:21.9395727-06:00" testType="13cdc9d9-ddb5-4fa4-a97d-d965ccfc6d4b" outcome="Passed" testListId="8c84fa94-04c1-424b-9868-57a2d4851a1d" relativeResultsDirectory="c5581ffc-e06b-4ac6-a897-19317facb6ed">
      <Output>
        <StdOut>Name must not exceed 50 characters.</StdOut>
      </Output>
    </UnitTestResult>
    <UnitTestResult executionId="c6afad6d-0cb3-44c2-9d38-d0e0b30429c3" testId="b402b5e4-1e46-77c2-c825-4e47865fa10e" testName="CarvedRock.InnerLoop.Tests.ProductControllerTests.GetProductById_NotFound" computerName="TARDIS" duration="00:00:00.0135225" startTime="2026-09-19T19:30:24.6917979-06:00" endTime="2026-09-19T19:30:24.6917981-06:00" testType="13cdc9d9-ddb5-4fa4-a97d-d965ccfc6d4b" outcome="Passed" testListId="8c84fa94-04c1-424b-9868-57a2d4851a1d" relativeResultsDirectory="c6afad6d-0cb3-44c2-9d38-d0e0b30429c3" />
    <UnitTestResult executionId="b23d2ccf-d9ad-483c-965a-72863ff07341" testId="6a4b37e7-71f3-f3dd-08d3-97a8ad590082" testName="CarvedRock.InnerLoop.Tests.ProductValidatorTests.PriceValidationErrors(category: &quot;boots&quot;, price: 49.990000000000002, errorMessage: &quot;Price for boots must be between $50.00 and $300.00&quot;)" computerName="TARDIS" duration="00:00:00.0038771" startTime="2026-09-19T19:30:22.0108344-06:00" endTime="2026-09-19T19:30:22.0108348-06:00" testType="13cdc9d9-ddb5-4fa4-a97d-d965ccfc6d4b" outcome="Passed" testListId="8c84fa94-04c1-424b-9868-57a2d4851a1d" relativeResultsDirectory="b23d2ccf-d9ad-483c-965a-72863ff07341" />
    <UnitTestResult executionId="28e3fe66-daf9-4a05-a23c-a80ebfabfe0e" testId="8474db9f-4574-af2b-c0dd-278ee6cab532" testName="CarvedRock.InnerLoop.Tests.ProductControllerTests.PostProductForbidden(name: &quot;Bob Dahl&quot;, idp: null)" computerName="TARDIS" duration="00:00:00.0258040" startTime="2026-09-19T19:30:24.5339018-06:00" endTime="2026-09-19T19:30:24.5339019-06:00" testType="13cdc9d9-ddb5-4fa4-a97d-d965ccfc6d4b" outcome="Passed" testListId="8c84fa94-04c1-424b-9868-57a2d4851a1d" relativeResultsDirectory="28e3fe66-daf9-4a05-a23c-a80ebfabfe0e" />
    <UnitTestResult executionId="f8d5ddb0-408e-4676-902a-25cc603ff6a7" testId="5740eefa-9329-a656-b0d7-542aea801b3f" testName="CarvedRock.InnerLoop.Tests.ProductControllerTests.GetProducts_TroubleGivesProblemDetail" computerName="TARDIS" duration="00:00:00.0651991" startTime="2026-09-19T19:30:24.7571773-06:00" endTime="2026-09-19T19:30:24.7571777-06:00" testType="13cdc9d9-ddb5-4fa4-a97d-d965ccfc6d4b" outcome="Passed" testListId="8c84fa94-04c1-424b-9868-57a2d4851a1d" relativeResultsDirectory="f8d5ddb0-408e-4676-902a-25cc603ff6a7" />
    <UnitTestResult executionId="e610a71a-c39b-409d-be40-1acb7724b9bd" testId="39fa1372-6e10-0ea8-1371-0d9e1d032478" testName="CarvedRock.InnerLoop.Tests.ProductValidatorTests.PriceValidationErrors(category: &quot;equip&quot;, price: 19.989999999999998, errorMessage: &quot;Price for equip must be between $20.00 and $150.00&quot;)" computerName="TARDIS" duration="00:00:00.0037144" startTime="2026-09-19T19:30:22.0030895-06:00" endTime="2026-09-19T19:30:22.0030900-06:00" testType="13cdc9d9-ddb5-4fa4-a97d-d965ccfc6d4b" outcome="Passed" testListId="8c84fa94-04c1-424b-9868-57a2d4851a1d" relativeResultsDirectory="e610a71a-c39b-409d-be40-1acb7724b9bd" />
    <UnitTestResult executionId="d975aa89-e27b-4ff7-bffe-78281c007522" testId="cbca7bcf-ff69-3d67-d0c1-d2cf319f892a" testName="CarvedRock.InnerLoop.Tests.ProductControllerTests.PostProductSuccess(name: &quot;Erik Dahl&quot;, idp: &quot;Google&quot;)" computerName="TARDIS" duration="00:00:00.0952120" startTime="2026-09-19T19:30:24.3615471-06:00" endTime="2026-09-19T19:30:24.3615473-06:00" testType="13cdc9d9-ddb5-4fa4-a97d-d965ccfc6d4b" outcome="Passed" testListId="8c84fa94-04c1-424b-9868-57a2d4851a1d" relativeResultsDirectory="d975aa89-e27b-4ff7-bffe-78281c007522" />
    <UnitTestResult executionId="85f4be80-ebe9-438d-ac49-2d26dd0424a8" testId="ce03cc8c-7f7c-fda7-0007-5174103b8c9e" testName="CarvedRock.InnerLoop.Tests.ProductControllerTests.PostProductSuccess(name: &quot;Alice Smith&quot;, idp: &quot;Google&quot;)" computerName="TARDIS" duration="00:00:00.0445410" startTime="2026-09-19T19:30:24.2661224-06:00" endTime="2026-09-19T19:30:24.2661226-06:00" testType="13cdc9d9-ddb5-4fa4-a97d-d965ccfc6d4b" outcome="Passed" testListId="8c84fa94-04c1-424b-9868-57a2d4851a1d" relativeResultsDirectory="85f4be80-ebe9-438d-ac49-2d26dd0424a8" />
    <UnitTestResult executionId="bba6dcc0-a052-45d2-9fc2-ce968af0edc2" testId="83bf3aaa-54bd-43f9-3422-312af241ac46" testName="CarvedRock.InnerLoop.Tests.ProductValidatorTests.SuccessfulValidation(name: &quot;__max_name__&quot;, description: &quot;Test Description&quot;, category: &quot;kayak&quot;, price: 100, imgUrl: &quot;https://test.com/test.jpg&quot;)" computerName="TARDIS" duration="00:00:00.0033868" startTime="2026-09-19T19:30:21.9879331-06:00" endTime="2026-09-19T19:30:21.9879335-06:00" testType="13cdc9d9-ddb5-4fa4-a97d-d965ccfc6d4b" outcome="Passed" testListId="8c84fa94-04c1-424b-9868-57a2d4851a1d" relativeResultsDirectory="bba6dcc0-a052-45d2-9fc2-ce968af0edc2" />
    <UnitTestResult executionId="49d5866b-da8e-4f17-8734-a21c352d7ed7" testId="f6902c4d-cc38-cc75-76e0-84a35356d71a" testName="CarvedRock.InnerLoop.Tests.ProductValidatorTests.NameValidationErrors(nameToValidate: &quot;&quot;, errorMessage: &quot;Name is required.&quot;)" computerName="TARDIS" duration="00:00:00.0010146" startTime="2026-09-19T19:30:21.9454763-06:00" endTime="2026-09-19T19:30:21.9454764-06:00" testType="13cdc9d9-ddb5-4fa4-a97d-d965ccfc6d4b" outcome="Passed" testListId="8c84fa94-04c1-424b-9868-57a2d4851a1d" relativeResultsDirectory="49d5866b-da8e-4f17-8734-a21c352d7ed7">
      <Output>
        <StdOut>Name is required.</StdOut>
      </Output>
    </UnitTestResult>
    <UnitTestResult executionId="d2eba61f-0f4f-438f-8fc4-f9e4e1c01c78" testId="1b0722ee-f676-0a42-2d03-327ae8b7ea28" testName="CarvedRock.InnerLoop.Tests.ProductValidatorTests.SuccessfulValidation(name: &quot;__max_name__&quot;, description: &quot;Test Description&quot;, category: &quot;equip&quot;, price: 20, imgUrl: &quot;https://test.com/test.jpg&quot;)" computerName="TARDIS" duration="00:00:00.0035810" startTime="2026-09-19T19:30:21.9818493-06:00" endTime="2026-09-19T19:30:21.9818494-06:00" testType="13cdc9d9-ddb5-4fa4-a97d-d965ccfc6d4b" outcome="Passed" testListId="8c84fa94-04c1-424b-9868-57a2d4851a1d" relativeResultsDirectory="d2eba61f-0f4f-438f-8fc4-f9e4e1c01c78" />
    <UnitTestResult executionId="d658fdb8-9034-42c8-bf90-9d14ce9489d2" testId="dcb52ae9-f4e7-041e-d16d-b4a681f97298" testName="CarvedRock.InnerLoop.Tests.ProductValidatorTests.ImgUrlValidationErrors(imgUrlToUse: &quot;not-an-url&quot;, errorMessage: &quot;Img Url must be a valid URL.&quot;)" computerName="TARDIS" duration="00:00:00.0039457" startTime="2026-09-19T19:30:21.9576938-06:00" endTime="2026-09-19T19:30:21.9576942-06:00" testType="13cdc9d9-ddb5-4fa4-a97d-d965ccfc6d4b" outcome="Passed" testListId="8c84fa94-04c1-424b-9868-57a2d4851a1d" relativeResultsDirectory="d658fdb8-9034-42c8-bf90-9d14ce9489d2" />
    <UnitTestResult executionId="3501ed09-bbd7-45cc-9e2a-4227f4e7521b" testId="f41c7217-e34a-edcc-f817-5e5eadcfd5b4" testName="CarvedRock.InnerLoop.Tests.ProductValidatorTests.DescriptionValidationErrors(descriptionToUse: &quot;__too_long__&quot;, errorMessage: &quot;Description must not exceed 150 characters.&quot;)" computerName="TARDIS" duration="00:00:00.0018061" startTime="2026-09-19T19:30:21.9509414-06:00" endTime="2026-09-19T19:30:21.9509417-06:00" testType="13cdc9d9-ddb5-4fa4-a97d-d965ccfc6d4b" outcome="Passed" testListId="8c84fa94-04c1-424b-9868-57a2d4851a1d" relativeResultsDirectory="3501ed09-bbd7-45cc-9e2a-4227f4e7521b">
      <Output>
        <StdOut>Description must not exceed 150 characters.</StdOut>
      </Output>
    </UnitTestResult>
    <UnitTestResult executionId="b82d4c13-c204-4e7f-ba1b-9703547fd56a" testId="7d0b25b4-7b0e-15bd-be89-0309da50a190" testName="CarvedRock.InnerLoop.Tests.ProductValidatorTests.DescriptionValidationErrors(descriptionToUse: &quot; &quot;, errorMessage: &quot;Description is required.&quot;)" computerName="TARDIS" duration="00:00:00.0025939" startTime="2026-09-19T19:30:21.9535824-06:00" endTime="2026-09-19T19:30:21.9535830-06:00" testType="13cdc9d9-ddb5-4fa4-a97d-d965ccfc6d4b" outcome="Passed" testListId="8c84fa94-04c1-424b-9868-57a2d4851a1d" relativeResultsDirectory="b82d4c13-c204-4e7f-ba1b-9703547fd56a">
      <Output>
        <StdOut>Description is required.</StdOut>
      </Output>
    </UnitTestResult>
    <UnitTestResult executionId="f5d80709-ca22-4f79-95ea-2c8f2a5193b0" testId="171c70e8-0a91-0927-dc60-7ca5df1f8fe8" testName="CarvedRock.InnerLoop.Tests.ProductValidatorTests.CategoryValiationErrors" computerName="TARDIS" duration="00:00:00.0049132" startTime="2026-09-19T19:30:21.9929602-06:00" endTime="2026-09-19T19:30:21.9929606-06:00" testType="13cdc9d9-ddb5-4fa4-a97d-d965ccfc6d4b" outcome="Passed" testListId="8c84fa94-04c1-424b-9868-57a2d4851a1d" relativeResultsDirectory="f5d80709-ca22-4f79-95ea-2c8f2a5193b0">
      <Output>
        <StdOut>Category must be one of kayak,equip,boots.</StdOut>
      </Output>
    </UnitTestResult>
    <UnitTestResult executionId="4365810e-d778-4f25-be32-515422c1e2bc" testId="eb6c78f1-3c98-a96a-5bcc-159ff1f90919" testName="CarvedRock.InnerLoop.Tests.ProductValidatorTests.SuccessfulValidation(name: &quot;TestName&quot;, description: &quot;__max_description__&quot;, category: &quot;boots&quot;, price: 300, imgUrl: &quot;https://test.com/test.jpg&quot;)" computerName="TARDIS" duration="00:00:00.0034173" startTime="2026-09-19T19:30:21.9819163-06:00" endTime="2026-09-19T19:30:21.9819163-06:00" testType="13cdc9d9-ddb5-4fa4-a97d-d965ccfc6d4b" outcome="Passed" testListId="8c84fa94-04c1-424b-9868-57a2d4851a1d" relativeResultsDirectory="4365810e-d778-4f25-be32-515422c1e2bc" />
    <UnitTestResult executionId="630993b8-5aa6-43f0-ab25-acc8da190083" testId="18893ff5-b14e-b050-8c1a-1fdcae8504dc" testName="CarvedRock.InnerLoop.Tests.ProductControllerTests.GetProductById_Success" computerName="TARDIS" duration="00:00:00.0792859" startTime="2026-09-19T19:30:24.4646380-06:00" endTime="2026-09-19T19:30:24.4646386-06:00" testType="13cdc9d9-ddb5-4fa4-a97d-d965ccfc6d4b" outcome="Passed" testListId="8c84fa94-04c1-424b-9868-57a2d4851a1d" relativeResultsDirectory="630993b8-5aa6-43f0-ab25-acc8da190083" />
    <UnitTestResult executionId="8db59610-2e42-4d89-91c0-78340a631244" testId="e4114b6e-ea01-ddae-c69c-a4a5210cded4" testName="CarvedRock.InnerLoop.Tests.ProductValidatorTests.DescriptionValidationErrors(descriptionToUse: &quot;&quot;, errorMessage: &quot;Description is required.&quot;)" computerName="TARDIS" duration="00:00:00.0031771" startTime="2026-09-19T19:30:21.9490566-06:00" endTime="2026-09-19T19:30:21.9490567-06:00" testType="13cdc9d9-ddb5-4fa4-a97d-d965ccfc6d4b" outcome="Passed" testListId="8c84fa94-04c1-424b-9868-57a2d4851a1d" relativeResultsDirectory="8db59610-2e42-4d89-91c0-78340a631244">
      <Output>
        <StdOut>Description is required.</StdOut>
      </Output>
    </UnitTestResult>
    <UnitTestResult executionId="6acf4fff-e844-4d97-87ba-8796948e2afd" testId="5398d183-5b2c-e11b-2dbe-9b7560cbf4c5" testName="CarvedRock.InnerLoop.Tests.ProductControllerTests.PostProductForbidden(name: &quot;Bobby Smith&quot;, idp: null)" computerName="TARDIS" duration="00:00:00.0242768" startTime="2026-09-19T19:30:24.4891619-06:00" endTime="2026-09-19T19:30:24.4891622-06:00" testType="13cdc9d9-ddb5-4fa4-a97d-d965ccfc6d4b" outcome="Passed" testListId="8c84fa94-04c1-424b-9868-57a2d4851a1d" relativeResultsDirectory="6acf4fff-e844-4d97-87ba-8796948e2afd" />
    <UnitTestResult executionId="266a8e76-b1ce-43ee-a3d9-dc8e88b738f1" testId="2769e2e8-3e53-4517-3ab9-3654b2047110" testName="CarvedRock.InnerLoop.Tests.ProductControllerTests.PostProductForbidden(name: &quot;Alice Smith&quot;, idp: null)" computerName="TARDIS" duration="00:00:00.0186075" startTime="2026-09-19T19:30:24.5079306-06:00" endTime="2026-09-19T19:30:24.5079307-06:00" testType="13cdc9d9-ddb5-4fa4-a97d-d965ccfc6d4b" outcome="Passed" testListId="8c84fa94-04c1-424b-9868-57a2d4851a1d" relativeResultsDirectory="266a8e76-b1ce-43ee-a3d9-dc8e88b738f1" />
    <UnitTestResult executionId="fab036fc-d7c5-455a-8bf8-2dbae7965659" testId="3219df2b-0dc2-c823-37fb-b8f404150047" testName="CarvedRock.InnerLoop.Tests.ProductValidatorTests.ImgUrlValidationErrors(imgUrlToUse: &quot;__too_long__&quot;, errorMessage: &quot;Img Url must not exceed 255 characters.&quot;)" computerName="TARDIS" duration="00:00:00.0034753" startTime="2026-09-19T19:30:21.9613061-06:00" endTime="2026-09-19T19:30:21.9613067-06:00" testType="13cdc9d9-ddb5-4fa4-a97d-d965ccfc6d4b" outcome="Passed" testListId="8c84fa94-04c1-424b-9868-57a2d4851a1d" relativeResultsDirectory="fab036fc-d7c5-455a-8bf8-2dbae7965659" />
    <UnitTestResult executionId="b29936b0-553d-441a-80c2-45afb53f59a1" testId="d07f0afc-5fc7-b1b3-70be-70fa050c17f6" testName="CarvedRock.InnerLoop.Tests.ProductControllerTests.PostProductValidationFailure" computerName="TARDIS" duration="00:00:00.0461129" startTime="2026-09-19T19:30:24.6369258-06:00" endTime="2026-09-19T19:30:24.6369264-06:00" testType="13cdc9d9-ddb5-4fa4-a97d-d965ccfc6d4b" outcome="Passed" testListId="8c84fa94-04c1-424b-9868-57a2d4851a1d" relativeResultsDirectory="b29936b0-553d-441a-80c2-45afb53f59a1" />
    <UnitTestResult executionId="55e81c7d-d849-4dcd-a63e-1ec6228333a4" testId="6f07098e-fb7f-d085-46ef-7aad038db02b" testName="CarvedRock.InnerLoop.Tests.ProductValidatorTests.SuccessfulValidation(name: &quot;__max_name__&quot;, description: &quot;Test Description&quot;, category: &quot;boots&quot;, price: 50, imgUrl: &quot;https://test.com/test.jpg&quot;)" computerName="TARDIS" duration="00:00:00.0038729" startTime="2026-09-19T19:30:21.9818143-06:00" endTime="2026-09-19T19:30:21.9818143-06:00" testType="13cdc9d9-ddb5-4fa4-a97d-d965ccfc6d4b" outcome="Passed" testListId="8c84fa94-04c1-424b-9868-57a2d4851a1d" relativeResultsDirectory="55e81c7d-d849-4dcd-a63e-1ec6228333a4" />
    <UnitTestResult executionId="d774155b-8894-4aa7-9414-accb8b08ced2" testId="318fc698-0947-818d-7f9e-e3b1921cd20a" testName="CarvedRock.InnerLoop.Tests.ProductControllerTests.PostProductSuccess(name: &quot;Bob Smith&quot;, idp: null)" computerName="TARDIS" duration="00:00:00.6965856" startTime="2026-09-19T19:30:24.2202339-06:00" endTime="2026-09-19T19:30:24.2202343-06:00" testType="13cdc9d9-ddb5-4fa4-a97d-d965ccfc6d4b" outcome="Passed" testListId="8c84fa94-04c1-424b-9868-57a2d4851a1d" relativeResultsDirectory="d774155b-8894-4aa7-9414-accb8b08ced2" />
    <UnitTestResult executionId="864c3c44-6075-4dcf-aa25-aae0e6c60cd3" testId="4110f6cf-4e51-8e7c-ee6b-8b413a6098d9" testName="CarvedRock.InnerLoop.Tests.ProductValidatorTests.PriceValidationErrors(category: &quot;boots&quot;, price: 300.00999999999999, errorMessage: &quot;Price for boots must be between $50.00 and $300.00&quot;)" computerName="TARDIS" duration="00:00:00.0036572" startTime="2026-09-19T19:30:22.0068471-06:00" endTime="2026-09-19T19:30:22.0068476-06:00" testType="13cdc9d9-ddb5-4fa4-a97d-d965ccfc6d4b" outcome="Passed" testListId="8c84fa94-04c1-424b-9868-57a2d4851a1d" relativeResultsDirectory="864c3c44-6075-4dcf-aa25-aae0e6c60cd3" />
    <UnitTestResult executionId="1e013622-5161-4a94-ab1b-dc5c104fb00b" testId="77fb3abb-fbdb-b093-5afc-621a00bd5484" testName="CarvedRock.InnerLoop.Tests.ProductControllerTests.GetProducts_Success" computerName="TARDIS" duration="00:00:00.0408732" startTime="2026-09-19T19:30:24.6780869-06:00" endTime="2026-09-19T19:30:24.6780875-06:00" testType="13cdc9d9-ddb5-4fa4-a97d-d965ccfc6d4b" outcome="Passed" testListId="8c84fa94-04c1-424b-9868-57a2d4851a1d" relativeResultsDirectory="1e013622-5161-4a94-ab1b-dc5c104fb00b" />
    <UnitTestResult executionId="4d8ee898-5d2b-46e7-94d3-f9582a08cffb" testId="8967be13-ea47-0c5a-e4d1-a29a0944263d" testName="CarvedRock.InnerLoop.Tests.ProductValidatorTests.SuccessfulValidation(name: &quot;TestName&quot;, description: &quot;__max_description__&quot;, category: &quot;equip&quot;, price: 150, imgUrl: &quot;https://test.com/test.jpg&quot;)" computerName="TARDIS" duration="00:00:00.0046552" startTime="2026-09-19T19:30:21.9818766-06:00" endTime="2026-09-19T19:30:21.9818766-06:00" testType="13cdc9d9-ddb5-4fa4-a97d-d965ccfc6d4b" outcome="Passed" testListId="8c84fa94-04c1-424b-9868-57a2d4851a1d" relativeResultsDirectory="4d8ee898-5d2b-46e7-94d3-f9582a08cffb" />
    <UnitTestResult executionId="dde844f4-0270-4520-91dc-0823392cb064" testId="867a11ff-1d96-49b0-5933-018e33e5e9f2" testName="CarvedRock.InnerLoop.Tests.ProductValidatorTests.ImgUrlValidationErrors(imgUrlToUse: &quot;&quot;, errorMessage: &quot;Img Url must be a valid URL.&quot;)" computerName="TARDIS" duration="00:00:00.0026821" startTime="2026-09-19T19:30:21.9815906-06:00" endTime="2026-09-19T19:30:21.9815907-06:00" testType="13cdc9d9-ddb5-4fa4-a97d-d965ccfc6d4b" outcome="Passed" testListId="8c84fa94-04c1-424b-9868-57a2d4851a1d" relativeResultsDirectory="dde844f4-0270-4520-91dc-0823392cb064" />
    <UnitTestResult executionId="6696bdde-5e04-4b06-b4b8-f268c3881ac3" testId="f532e722-49c0-b442-417c-d7ebf01cb10b" testName="CarvedRock.InnerLoop.Tests.ProductValidatorTests.MultipleValidationErrors" computerName="TARDIS" duration="00:00:00.0109150" startTime="2026-09-19T19:30:22.0219723-06:00" endTime="2026-09-19T19:30:22.0219729-06:00" testType="13cdc9d9-ddb5-4fa4-a97d-d965ccfc6d4b" outcome="Passed" testListId="8c84fa94-04c1-424b-9868-57a2d4851a1d" relativeResultsDirectory="6696bdde-5e04-4b06-b4b8-f268c3881ac3" />
  </Results>
  <TestDefinitions>
    <UnitTest name="CarvedRock.InnerLoop.Tests.ProductControllerTests.GetProducts_Success" storage="d:\github\automation-testing-strategies-aspnet\tests\carvedrock.innerloop.tests\bin\release\net10.0\carvedrock.innerloop.tests.dll" id="77fb3abb-fbdb-b093-5afc-621a00bd5484">
      <Execution id="1e013622-5161-4a94-ab1b-dc5c104fb00b" />
      <TestMethod codeBase="D:\GitHub\automation-testing-strategies-aspnet\tests\CarvedRock.InnerLoop.Tests\bin\Release\net10.0\CarvedRock.InnerLoop.Tests.dll" adapterTypeName="executor://xunit/VsTestRunner2/netcoreapp" className="CarvedRock.InnerLoop.Tests.ProductControllerTests" name="GetProducts_Success" />
    </UnitTest>
    <UnitTest name="CarvedRock.InnerLoop.Tests.ProductValidatorTests.PriceValidationErrors(category: &quot;boots&quot;, price: 49.990000000000002, errorMessage: &quot;Price for boots must be between $50.00 and $300.00&quot;)" storage="d:\github\automation-testing-strategies-aspnet\tests\carvedrock.innerloop.tests\bin\release\net10.0\carvedrock.innerloop.tests.dll" id="6a4b37e7-71f3-f3dd-08d3-97a8ad590082">
      <Execution id="b23d2ccf-d9ad-483c-965a-72863ff07341" />
      <TestMethod codeBase="D:\GitHub\automation-testing-strategies-aspnet\tests\CarvedRock.InnerLoop.Tests\bin\Release\net10.0\CarvedRock.InnerLoop.Tests.dll" adapterTypeName="executor://xunit/VsTestRunner2/netcoreapp" className="CarvedRock.InnerLoop.Tests.ProductValidatorTests" name="PriceValidationErrors" />
    </UnitTest>
    <UnitTest name="CarvedRock.InnerLoop.Tests.ProductControllerTests.PostProductAnonymousIsUnauthorized" storage="d:\github\automation-testing-strategies-aspnet\tests\carvedrock.innerloop.tests\bin\release\net10.0\carvedrock.innerloop.tests.dll" id="b225778c-3bab-05ee-71f4-22b0244ac9f2">
      <Execution id="1c8917fc-ce1d-44b9-ac68-d2619e8998a8" />
      <TestMethod codeBase="D:\GitHub\automation-testing-strategies-aspnet\tests\CarvedRock.InnerLoop.Tests\bin\Release\net10.0\CarvedRock.InnerLoop.Tests.dll" adapterTypeName="executor://xunit/VsTestRunner2/netcoreapp" className="CarvedRock.InnerLoop.Tests.ProductControllerTests" name="PostProductAnonymousIsUnauthorized" />
    </UnitTest>
    <UnitTest name="CarvedRock.InnerLoop.Tests.ProductValidatorTests.ImgUrlValidationErrors(imgUrlToUse: &quot;__too_long__&quot;, errorMessage: &quot;Img Url must not exceed 255 characters.&quot;)" storage="d:\github\automation-testing-strategies-aspnet\tests\carvedrock.innerloop.tests\bin\release\net10.0\carvedrock.innerloop.tests.dll" id="3219df2b-0dc2-c823-37fb-b8f404150047">
      <Execution id="fab036fc-d7c5-455a-8bf8-2dbae7965659" />
      <TestMethod codeBase="D:\GitHub\automation-testing-strategies-aspnet\tests\CarvedRock.InnerLoop.Tests\bin\Release\net10.0\CarvedRock.InnerLoop.Tests.dll" adapterTypeName="executor://xunit/VsTestRunner2/netcoreapp" className="CarvedRock.InnerLoop.Tests.ProductValidatorTests" name="ImgUrlValidationErrors" />
    </UnitTest>
    <UnitTest name="CarvedRock.InnerLoop.Tests.ProductValidatorTests.SuccessfulValidation(name: &quot;__max_name__&quot;, description: &quot;Test Description&quot;, category: &quot;equip&quot;, price: 20, imgUrl: &quot;https://test.com/test.jpg&quot;)" storage="d:\github\automation-testing-strategies-aspnet\tests\carvedrock.innerloop.tests\bin\release\net10.0\carvedrock.innerloop.tests.dll" id="1b0722ee-f676-0a42-2d03-327ae8b7ea28">
      <Execution id="d2eba61f-0f4f-438f-8fc4-f9e4e1c01c78" />
      <TestMethod codeBase="D:\GitHub\automation-testing-strategies-aspnet\tests\CarvedRock.InnerLoop.Tests\bin\Release\net10.0\CarvedRock.InnerLoop.Tests.dll" adapterTypeName="executor://xunit/VsTestRunner2/netcoreapp" className="CarvedRock.InnerLoop.Tests.ProductValidatorTests" name="SuccessfulValidation" />
    </UnitTest>
    <UnitTest name="CarvedRock.InnerLoop.Tests.ProductValidatorTests.NameValidationErrors(nameToValidate: &quot;__too_long__&quot;, errorMessage: &quot;Name must not exceed 50 characters.&quot;)" storage="d:\github\automation-testing-strategies-aspnet\tests\carvedrock.innerloop.tests\bin\release\net10.0\carvedrock.innerloop.tests.dll" id="01b06887-16b2-b82f-c008-8cbe493950ba">
      <Execution id="c5581ffc-e06b-4ac6-a897-19317facb6ed" />
      <TestMethod codeBase="D:\GitHub\automation-testing-strategies-aspnet\tests\CarvedRock.InnerLoop.Tests\bin\Release\net10.0\CarvedRock.InnerLoop.Tests.dll" adapterTypeName="executor://xunit/VsTestRunner2/netcoreapp" className="CarvedRock.InnerLoop.Tests.ProductValidatorTests" name="NameValidationErrors" />
    </UnitTest>
    <UnitTest name="CarvedRock.InnerLoop.Tests.ProductControllerTests.PostProductValidationFailure" storage="d:\github\automation-testing-strategies-aspnet\tests\carvedrock.innerloop.tests\bin\release\net10.0\carvedrock.innerloop.tests.dll" id="d07f0afc-5fc7-b1b3-70be-70fa050c17f6">
      <Execution id="b29936b0-553d-441a-80c2-45afb53f59a1" />
      <TestMethod codeBase="D:\GitHub\automation-testing-strategies-aspnet\tests\CarvedRock.InnerLoop.Tests\bin\Release\net10.0\CarvedRock.InnerLoop.Tests.dll" adapterTypeName="executor://xunit/VsTestRunner2/netcoreapp" className="CarvedRock.InnerLoop.Tests.ProductControllerTests" name="PostProductValidationFailure" />
    </UnitTest>
    <UnitTest name="CarvedRock.InnerLoop.Tests.ProductValidatorTests.PriceValidationErrors(category: &quot;equip&quot;, price: 150.00999999999999, errorMessage: &quot;Price for equip must be between $20.00 and $150.00&quot;)" storage="d:\github\automation-testing-strategies-aspnet\tests\carvedrock.innerloop.tests\bin\release\net10.0\carvedrock.innerloop.tests.dll" id="7c636bca-fb8b-c61c-4038-3f81131af663">
      <Execution id="3a51639e-d224-4732-8e3c-d413083266cd" />
      <TestMethod codeBase="D:\GitHub\automation-testing-strategies-aspnet\tests\CarvedRock.InnerLoop.Tests\bin\Release\net10.0\CarvedRock.InnerLoop.Tests.dll" adapterTypeName="executor://xunit/VsTestRunner2/netcoreapp" className="CarvedRock.InnerLoop.Tests.ProductValidatorTests" name="PriceValidationErrors" />
    </UnitTest>
    <UnitTest name="CarvedRock.InnerLoop.Tests.ProductValidatorTests.ImgUrlValidationErrors(imgUrlToUse: &quot;not-an-url&quot;, errorMessage: &quot;Img Url must be a valid URL.&quot;)" storage="d:\github\automation-testing-strategies-aspnet\tests\carvedrock.innerloop.tests\bin\release\net10.0\carvedrock.innerloop.tests.dll" id="dcb52ae9-f4e7-041e-d16d-b4a681f97298">
      <Execution id="d658fdb8-9034-42c8-bf90-9d14ce9489d2" />
      <TestMethod codeBase="D:\GitHub\automation-testing-strategies-aspnet\tests\CarvedRock.InnerLoop.Tests\bin\Release\net10.0\CarvedRock.InnerLoop.Tests.dll" adapterTypeName="executor://xunit/VsTestRunner2/netcoreapp" className="CarvedRock.InnerLoop.Tests.ProductValidatorTests" name="ImgUrlValidationErrors" />
    </UnitTest>
    <UnitTest name="CarvedRock.InnerLoop.Tests.ProductControllerTests.PostProductSuccess(name: &quot;Bob Smith&quot;, idp: null)" storage="d:\github\automation-testing-strategies-aspnet\tests\carvedrock.innerloop.tests\bin\release\net10.0\carvedrock.innerloop.tests.dll" id="318fc698-0947-818d-7f9e-e3b1921cd20a">
      <Execution id="d774155b-8894-4aa7-9414-accb8b08ced2" />
      <TestMethod codeBase="D:\GitHub\automation-testing-strategies-aspnet\tests\CarvedRock.InnerLoop.Tests\bin\Release\net10.0\CarvedRock.InnerLoop.Tests.dll" adapterTypeName="executor://xunit/VsTestRunner2/netcoreapp" className="CarvedRock.InnerLoop.Tests.ProductControllerTests" name="PostProductSuccess" />
    </UnitTest>
    <UnitTest name="CarvedRock.InnerLoop.Tests.ProductValidatorTests.CategoryValiationErrors" storage="d:\github\automation-testing-strategies-aspnet\tests\carvedrock.innerloop.tests\bin\release\net10.0\carvedrock.innerloop.tests.dll" id="171c70e8-0a91-0927-dc60-7ca5df1f8fe8">
      <Execution id="f5d80709-ca22-4f79-95ea-2c8f2a5193b0" />
      <TestMethod codeBase="D:\GitHub\automation-testing-strategies-aspnet\tests\CarvedRock.InnerLoop.Tests\bin\Release\net10.0\CarvedRock.InnerLoop.Tests.dll" adapterTypeName="executor://xunit/VsTestRunner2/netcoreapp" className="CarvedRock.InnerLoop.Tests.ProductValidatorTests" name="CategoryValiationErrors" />
    </UnitTest>
    <UnitTest name="CarvedRock.InnerLoop.Tests.ProductValidatorTests.SuccessfulValidation(name: &quot;__max_name__&quot;, description: &quot;Test Description&quot;, category: &quot;kayak&quot;, price: 100, imgUrl: &quot;https://test.com/test.jpg&quot;)" storage="d:\github\automation-testing-strategies-aspnet\tests\carvedrock.innerloop.tests\bin\release\net10.0\carvedrock.innerloop.tests.dll" id="83bf3aaa-54bd-43f9-3422-312af241ac46">
      <Execution id="bba6dcc0-a052-45d2-9fc2-ce968af0edc2" />
      <TestMethod codeBase="D:\GitHub\automation-testing-strategies-aspnet\tests\CarvedRock.InnerLoop.Tests\bin\Release\net10.0\CarvedRock.InnerLoop.Tests.dll" adapterTypeName="executor://xunit/VsTestRunner2/netcoreapp" className="CarvedRock.InnerLoop.Tests.ProductValidatorTests" name="SuccessfulValidation" />
    </UnitTest>
    <UnitTest name="CarvedRock.InnerLoop.Tests.ProductValidatorTests.DescriptionValidationErrors(descriptionToUse: &quot;__too_long__&quot;, errorMessage: &quot;Description must not exceed 150 characters.&quot;)" storage="d:\github\automation-testing-strategies-aspnet\tests\carvedrock.innerloop.tests\bin\release\net10.0\carvedrock.innerloop.tests.dll" id="f41c7217-e34a-edcc-f817-5e5eadcfd5b4">
      <Execution id="3501ed09-bbd7-45cc-9e2a-4227f4e7521b" />
      <TestMethod codeBase="D:\GitHub\automation-testing-strategies-aspnet\tests\CarvedRock.InnerLoop.Tests\bin\Release\net10.0\CarvedRock.InnerLoop.Tests.dll" adapterTypeName="executor://xunit/VsTestRunner2/netcoreapp" className="CarvedRock.InnerLoop.Tests.ProductValidatorTests" name="DescriptionValidationErrors" />
    </UnitTest>
    <UnitTest name="CarvedRock.InnerLoop.Tests.ProductControllerTests.GetProductById_Success" storage="d:\github\automation-testing-strategies-aspnet\tests\carvedrock.innerloop.tests\bin\release\net10.0\carvedrock.innerloop.tests.dll" id="18893ff5-b14e-b050-8c1a-1fdcae8504dc">
      <Execution id="630993b8-5aa6-43f0-ab25-acc8da190083" />
      <TestMethod codeBase="D:\GitHub\automation-testing-strategies-aspnet\tests\CarvedRock.InnerLoop.Tests\bin\Release\net10.0\CarvedRock.InnerLoop.Tests.dll" adapterTypeName="executor://xunit/VsTestRunner2/netcoreapp" className="CarvedRock.InnerLoop.Tests.ProductControllerTests" name="GetProductById_Success" />
    </UnitTest>
    <UnitTest name="CarvedRock.InnerLoop.Tests.ProductValidatorTests.DescriptionValidationErrors(descriptionToUse: &quot; &quot;, errorMessage: &quot;Description is required.&quot;)" storage="d:\github\automation-testing-strategies-aspnet\tests\carvedrock.innerloop.tests\bin\release\net10.0\carvedrock.innerloop.tests.dll" id="7d0b25b4-7b0e-15bd-be89-0309da50a190">
      <Execution id="b82d4c13-c204-4e7f-ba1b-9703547fd56a" />
      <TestMethod codeBase="D:\GitHub\automation-testing-strategies-aspnet\tests\CarvedRock.InnerLoop.Tests\bin\Release\net10.0\CarvedRock.InnerLoop.Tests.dll" adapterTypeName="executor://xunit/VsTestRunner2/netcoreapp" className="CarvedRock.InnerLoop.Tests.ProductValidatorTests" name="DescriptionValidationErrors" />
    </UnitTest>
    <UnitTest name="CarvedRock.InnerLoop.Tests.ProductControllerTests.GetProducts_TroubleGivesProblemDetail" storage="d:\github\automation-testing-strategies-aspnet\tests\carvedrock.innerloop.tests\bin\release\net10.0\carvedrock.innerloop.tests.dll" id="5740eefa-9329-a656-b0d7-542aea801b3f">
      <Execution id="f8d5ddb0-408e-4676-902a-25cc603ff6a7" />
      <TestMethod codeBase="D:\GitHub\automation-testing-strategies-aspnet\tests\CarvedRock.InnerLoop.Tests\bin\Release\net10.0\CarvedRock.InnerLoop.Tests.dll" adapterTypeName="executor://xunit/VsTestRunner2/netcoreapp" className="CarvedRock.InnerLoop.Tests.ProductControllerTests" name="GetProducts_TroubleGivesProblemDetail" />
    </UnitTest>
    <UnitTest name="CarvedRock.InnerLoop.Tests.ProductValidatorTests.PriceValidationErrors(category: &quot;boots&quot;, price: 300.00999999999999, errorMessage: &quot;Price for boots must be between $50.00 and $300.00&quot;)" storage="d:\github\automation-testing-strategies-aspnet\tests\carvedrock.innerloop.tests\bin\release\net10.0\carvedrock.innerloop.tests.dll" id="4110f6cf-4e51-8e7c-ee6b-8b413a6098d9">
      <Execution id="864c3c44-6075-4dcf-aa25-aae0e6c60cd3" />
      <TestMethod codeBase="D:\GitHub\automation-testing-strategies-aspnet\tests\CarvedRock.InnerLoop.Tests\bin\Release\net10.0\CarvedRock.InnerLoop.Tests.dll" adapterTypeName="executor://xunit/VsTestRunner2/netcoreapp" className="CarvedRock.InnerLoop.Tests.ProductValidatorTests" name="PriceValidationErrors" />
    </UnitTest>
    <UnitTest name="CarvedRock.InnerLoop.Tests.ProductValidatorTests.ImgUrlValidationErrors(imgUrlToUse: &quot;&quot;, errorMessage: &quot;Img Url must be a valid URL.&quot;)" storage="d:\github\automation-testing-strategies-aspnet\tests\carvedrock.innerloop.tests\bin\release\net10.0\carvedrock.innerloop.tests.dll" id="867a11ff-1d96-49b0-5933-018e33e5e9f2">
      <Execution id="dde844f4-0270-4520-91dc-0823392cb064" />
      <TestMethod codeBase="D:\GitHub\automation-testing-strategies-aspnet\tests\CarvedRock.InnerLoop.Tests\bin\Release\net10.0\CarvedRock.InnerLoop.Tests.dll" adapterTypeName="executor://xunit/VsTestRunner2/netcoreapp" className="CarvedRock.InnerLoop.Tests.ProductValidatorTests" name="ImgUrlValidationErrors" />
    </UnitTest>
    <UnitTest name="CarvedRock.InnerLoop.Tests.ProductValidatorTests.NameValidationErrors(nameToValidate: &quot; &quot;, errorMessage: &quot;Name is required.&quot;)" storage="d:\github\automation-testing-strategies-aspnet\tests\carvedrock.innerloop.tests\bin\release\net10.0\carvedrock.innerloop.tests.dll" id="a3cb8e5b-f4d6-d0f7-e67c-04cc061632d5">
      <Execution id="9cab5a6a-dbd9-4e0f-a014-c36488fec0ac" />
      <TestMethod codeBase="D:\GitHub\automation-testing-strategies-aspnet\tests\CarvedRock.InnerLoop.Tests\bin\Release\net10.0\CarvedRock.InnerLoop.Tests.dll" adapterTypeName="executor://xunit/VsTestRunner2/netcoreapp" className="CarvedRock.InnerLoop.Tests.ProductValidatorTests" name="NameValidationErrors" />
    </UnitTest>
    <UnitTest name="CarvedRock.InnerLoop.Tests.ProductControllerTests.PostProductSuccess(name: &quot;Erik Dahl&quot;, idp: &quot;Google&quot;)" storage="d:\github\automation-testing-strategies-aspnet\tests\carvedrock.innerloop.tests\bin\release\net10.0\carvedrock.innerloop.tests.dll" id="cbca7bcf-ff69-3d67-d0c1-d2cf319f892a">
      <Execution id="d975aa89-e27b-4ff7-bffe-78281c007522" />
      <TestMethod codeBase="D:\GitHub\automation-testing-strategies-aspnet\tests\CarvedRock.InnerLoop.Tests\bin\Release\net10.0\CarvedRock.InnerLoop.Tests.dll" adapterTypeName="executor://xunit/VsTestRunner2/netcoreapp" className="CarvedRock.InnerLoop.Tests.ProductControllerTests" name="PostProductSuccess" />
    </UnitTest>
    <UnitTest name="CarvedRock.InnerLoop.Tests.ProductValidatorTests.NameValidationErrors(nameToValidate: &quot;duplicate&quot;, errorMessage: &quot;A product with the same name already exists.&quot;)" storage="d:\github\automation-testing-strategies-aspnet\tests\carvedrock.innerloop.tests\bin\release\net10.0\carvedrock.innerloop.tests.dll" id="1dc27a61-d953-a05f-ffbe-8f19d715692a">
      <Execution id="10e17df9-e79b-4888-9bfa-87a6a415c2e1" />
      <TestMethod codeBase="D:\GitHub\automation-testing-strategies-aspnet\tests\CarvedRock.InnerLoop.Tests\bin\Release\net10.0\CarvedRock.InnerLoop.Tests.dll" adapterTypeName="executor://xunit/VsTestRunner2/netcoreapp" className="CarvedRock.InnerLoop.Tests.ProductValidatorTests" name="NameValidationErrors" />
    </UnitTest>
    <UnitTest name="CarvedRock.InnerLoop.Tests.ProductValidatorTests.SuccessfulValidation(name: &quot;__max_name__&quot;, description: &quot;Test Description&quot;, category: &quot;boots&quot;, price: 50, imgUrl: &quot;https://test.com/test.jpg&quot;)" storage="d:\github\automation-testing-strategies-aspnet\tests\carvedrock.innerloop.tests\bin\release\net10.0\carvedrock.innerloop.tests.dll" id="6f07098e-fb7f-d085-46ef-7aad038db02b">
      <Execution id="55e81c7d-d849-4dcd-a63e-1ec6228333a4" />
      <TestMethod codeBase="D:\GitHub\automation-testing-strategies-aspnet\tests\CarvedRock.InnerLoop.Tests\bin\Release\net10.0\CarvedRock.InnerLoop.Tests.dll" adapterTypeName="executor://xunit/VsTestRunner2/netcoreapp" className="CarvedRock.InnerLoop.Tests.ProductValidatorTests" name="SuccessfulValidation" />
    </UnitTest>
    <UnitTest name="CarvedRock.InnerLoop.Tests.ProductValidatorTests.MultipleValidationErrors" storage="d:\github\automation-testing-strategies-aspnet\tests\carvedrock.innerloop.tests\bin\release\net10.0\carvedrock.innerloop.tests.dll" id="f532e722-49c0-b442-417c-d7ebf01cb10b">
      <Execution id="6696bdde-5e04-4b06-b4b8-f268c3881ac3" />
      <TestMethod codeBase="D:\GitHub\automation-testing-strategies-aspnet\tests\CarvedRock.InnerLoop.Tests\bin\Release\net10.0\CarvedRock.InnerLoop.Tests.dll" adapterTypeName="executor://xunit/VsTestRunner2/netcoreapp" className="CarvedRock.InnerLoop.Tests.ProductValidatorTests" name="MultipleValidationErrors" />
    </UnitTest>
    <UnitTest name="CarvedRock.InnerLoop.Tests.ProductControllerTests.PostProductSuccess(name: &quot;Alice Smith&quot;, idp: &quot;Google&quot;)" storage="d:\github\automation-testing-strategies-aspnet\tests\carvedrock.innerloop.tests\bin\release\net10.0\carvedrock.innerloop.tests.dll" id="ce03cc8c-7f7c-fda7-0007-5174103b8c9e">
      <Execution id="85f4be80-ebe9-438d-ac49-2d26dd0424a8" />
      <TestMethod codeBase="D:\GitHub\automation-testing-strategies-aspnet\tests\CarvedRock.InnerLoop.Tests\bin\Release\net10.0\CarvedRock.InnerLoop.Tests.dll" adapterTypeName="executor://xunit/VsTestRunner2/netcoreapp" className="CarvedRock.InnerLoop.Tests.ProductControllerTests" name="PostProductSuccess" />
    </UnitTest>
    <UnitTest name="CarvedRock.InnerLoop.Tests.ProductValidatorTests.SuccessfulValidation(name: &quot;TestName&quot;, description: &quot;__max_description__&quot;, category: &quot;kayak&quot;, price: 500, imgUrl: &quot;https://test.com/test.jpg&quot;)" storage="d:\github\automation-testing-strategies-aspnet\tests\carvedrock.innerloop.tests\bin\release\net10.0\carvedrock.innerloop.tests.dll" id="b2e74274-143a-e78b-0f45-1aafd8dfcc57">
      <Execution id="3dce5276-f556-4071-8b17-9ed0ab556fce" />
      <TestMethod codeBase="D:\GitHub\automation-testing-strategies-aspnet\tests\CarvedRock.InnerLoop.Tests\bin\Release\net10.0\CarvedRock.InnerLoop.Tests.dll" adapterTypeName="executor://xunit/VsTestRunner2/netcoreapp" className="CarvedRock.InnerLoop.Tests.ProductValidatorTests" name="SuccessfulValidation" />
    </UnitTest>
    <UnitTest name="CarvedRock.InnerLoop.Tests.ProductControllerTests.PostProductForbidden(name: &quot;Bobby Smith&quot;, idp: null)" storage="d:\github\automation-testing-strategies-aspnet\tests\carvedrock.innerloop.tests\bin\release\net10.0\carvedrock.innerloop.tests.dll" id="5398d183-5b2c-e11b-2dbe-9b7560cbf4c5">
      <Execution id="6acf4fff-e844-4d97-87ba-8796948e2afd" />
      <TestMethod codeBase="D:\GitHub\automation-testing-strategies-aspnet\tests\CarvedRock.InnerLoop.Tests\bin\Release\net10.0\CarvedRock.InnerLoop.Tests.dll" adapterTypeName="executor://xunit/VsTestRunner2/netcoreapp" className="CarvedRock.InnerLoop.Tests.ProductControllerTests" name="PostProductForbidden" />
    </UnitTest>
    <UnitTest name="CarvedRock.InnerLoop.Tests.ProductValidatorTests.SuccessfulValidation(name: &quot;TestName&quot;, description: &quot;__max_description__&quot;, category: &quot;boots&quot;, price: 300, imgUrl: &quot;https://test.com/test.jpg&quot;)" storage="d:\github\automation-testing-strategies-aspnet\tests\carvedrock.innerloop.tests\bin\release\net10.0\carvedrock.innerloop.tests.dll" id="eb6c78f1-3c98-a96a-5bcc-159ff1f90919">
      <Execution id="4365810e-d778-4f25-be32-515422c1e2bc" />
      <TestMethod codeBase="D:\GitHub\automation-testing-strategies-aspnet\tests\CarvedRock.InnerLoop.Tests\bin\Release\net10.0\CarvedRock.InnerLoop.Tests.dll" adapterTypeName="executor://xunit/VsTestRunner2/netcoreapp" className="CarvedRock.InnerLoop.Tests.ProductValidatorTests" name="SuccessfulValidation" />
    </UnitTest>
    <UnitTest name="CarvedRock.InnerLoop.Tests.ProductValidatorTests.DescriptionValidationErrors(descriptionToUse: &quot;&quot;, errorMessage: &quot;Description is required.&quot;)" storage="d:\github\automation-testing-strategies-aspnet\tests\carvedrock.innerloop.tests\bin\release\net10.0\carvedrock.innerloop.tests.dll" id="e4114b6e-ea01-ddae-c69c-a4a5210cded4">
      <Execution id="8db59610-2e42-4d89-91c0-78340a631244" />
      <TestMethod codeBase="D:\GitHub\automation-testing-strategies-aspnet\tests\CarvedRock.InnerLoop.Tests\bin\Release\net10.0\CarvedRock.InnerLoop.Tests.dll" adapterTypeName="executor://xunit/VsTestRunner2/netcoreapp" className="CarvedRock.InnerLoop.Tests.ProductValidatorTests" name="DescriptionValidationErrors" />
    </UnitTest>
    <UnitTest name="CarvedRock.InnerLoop.Tests.ProductControllerTests.PostProductForbidden(name: &quot;Alice Smith&quot;, idp: null)" storage="d:\github\automation-testing-strategies-aspnet\tests\carvedrock.innerloop.tests\bin\release\net10.0\carvedrock.innerloop.tests.dll" id="2769e2e8-3e53-4517-3ab9-3654b2047110">
      <Execution id="266a8e76-b1ce-43ee-a3d9-dc8e88b738f1" />
      <TestMethod codeBase="D:\GitHub\automation-testing-strategies-aspnet\tests\CarvedRock.InnerLoop.Tests\bin\Release\net10.0\CarvedRock.InnerLoop.Tests.dll" adapterTypeName="executor://xunit/VsTestRunner2/netcoreapp" className="CarvedRock.InnerLoop.Tests.ProductControllerTests" name="PostProductForbidden" />
    </UnitTest>
    <UnitTest name="CarvedRock.InnerLoop.Tests.ProductControllerTests.PostProductSuccess(name: &quot;Bob Smith&quot;, idp: &quot;Google&quot;)" storage="d:\github\automation-testing-strategies-aspnet\tests\carvedrock.innerloop.tests\bin\release\net10.0\carvedrock.innerloop.tests.dll" id="de66b68a-17ed-0c82-30ba-09d73ff176e8">
      <Execution id="8a8f9314-049e-4c5b-8792-8159bc6a9e94" />
      <TestMethod codeBase="D:\GitHub\automation-testing-strategies-aspnet\tests\CarvedRock.InnerLoop.Tests\bin\Release\net10.0\CarvedRock.InnerLoop.Tests.dll" adapterTypeName="executor://xunit/VsTestRunner2/netcoreapp" className="CarvedRock.InnerLoop.Tests.ProductControllerTests" name="PostProductSuccess" />
    </UnitTest>
    <UnitTest name="CarvedRock.InnerLoop.Tests.ProductControllerTests.PostProductForbidden(name: &quot;Erik Smith&quot;, idp: &quot;Microsoft&quot;)" storage="d:\github\automation-testing-strategies-aspnet\tests\carvedrock.innerloop.tests\bin\release\net10.0\carvedrock.innerloop.tests.dll" id="48160ddc-3481-272a-d2c5-5726ea9fd586">
      <Execution id="0e4e00dc-e435-47ab-920f-e59399ba4fca" />
      <TestMethod codeBase="D:\GitHub\automation-testing-strategies-aspnet\tests\CarvedRock.InnerLoop.Tests\bin\Release\net10.0\CarvedRock.InnerLoop.Tests.dll" adapterTypeName="executor://xunit/VsTestRunner2/netcoreapp" className="CarvedRock.InnerLoop.Tests.ProductControllerTests" name="PostProductForbidden" />
    </UnitTest>
    <UnitTest name="CarvedRock.InnerLoop.Tests.ProductValidatorTests.SuccessfulValidation(name: &quot;TestName&quot;, description: &quot;__max_description__&quot;, category: &quot;equip&quot;, price: 150, imgUrl: &quot;https://test.com/test.jpg&quot;)" storage="d:\github\automation-testing-strategies-aspnet\tests\carvedrock.innerloop.tests\bin\release\net10.0\carvedrock.innerloop.tests.dll" id="8967be13-ea47-0c5a-e4d1-a29a0944263d">
      <Execution id="4d8ee898-5d2b-46e7-94d3-f9582a08cffb" />
      <TestMethod codeBase="D:\GitHub\automation-testing-strategies-aspnet\tests\CarvedRock.InnerLoop.Tests\bin\Release\net10.0\CarvedRock.InnerLoop.Tests.dll" adapterTypeName="executor://xunit/VsTestRunner2/netcoreapp" className="CarvedRock.InnerLoop.Tests.ProductValidatorTests" name="SuccessfulValidation" />
    </UnitTest>
    <UnitTest name="CarvedRock.InnerLoop.Tests.ProductControllerTests.GetProductById_NotFound" storage="d:\github\automation-testing-strategies-aspnet\tests\carvedrock.innerloop.tests\bin\release\net10.0\carvedrock.innerloop.tests.dll" id="b402b5e4-1e46-77c2-c825-4e47865fa10e">
      <Execution id="c6afad6d-0cb3-44c2-9d38-d0e0b30429c3" />
      <TestMethod codeBase="D:\GitHub\automation-testing-strategies-aspnet\tests\CarvedRock.InnerLoop.Tests\bin\Release\net10.0\CarvedRock.InnerLoop.Tests.dll" adapterTypeName="executor://xunit/VsTestRunner2/netcoreapp" className="CarvedRock.InnerLoop.Tests.ProductControllerTests" name="GetProductById_NotFound" />
    </UnitTest>
    <UnitTest name="CarvedRock.InnerLoop.Tests.ProductValidatorTests.PriceValidationErrors(category: &quot;equip&quot;, price: 19.989999999999998, errorMessage: &quot;Price for equip must be between $20.00 and $150.00&quot;)" storage="d:\github\automation-testing-strategies-aspnet\tests\carvedrock.innerloop.tests\bin\release\net10.0\carvedrock.innerloop.tests.dll" id="39fa1372-6e10-0ea8-1371-0d9e1d032478">
      <Execution id="e610a71a-c39b-409d-be40-1acb7724b9bd" />
      <TestMethod codeBase="D:\GitHub\automation-testing-strategies-aspnet\tests\CarvedRock.InnerLoop.Tests\bin\Release\net10.0\CarvedRock.InnerLoop.Tests.dll" adapterTypeName="executor://xunit/VsTestRunner2/netcoreapp" className="CarvedRock.InnerLoop.Tests.ProductValidatorTests" name="PriceValidationErrors" />
    </UnitTest>
    <UnitTest name="CarvedRock.InnerLoop.Tests.ProductControllerTests.PostProductForbidden(name: &quot;Bob Dahl&quot;, idp: null)" storage="d:\github\automation-testing-strategies-aspnet\tests\carvedrock.innerloop.tests\bin\release\net10.0\carvedrock.innerloop.tests.dll" id="8474db9f-4574-af2b-c0dd-278ee6cab532">
      <Execution id="28e3fe66-daf9-4a05-a23c-a80ebfabfe0e" />
      <TestMethod codeBase="D:\GitHub\automation-testing-strategies-aspnet\tests\CarvedRock.InnerLoop.Tests\bin\Release\net10.0\CarvedRock.InnerLoop.Tests.dll" adapterTypeName="executor://xunit/VsTestRunner2/netcoreapp" className="CarvedRock.InnerLoop.Tests.ProductControllerTests" name="PostProductForbidden" />
    </UnitTest>
    <UnitTest name="CarvedRock.InnerLoop.Tests.ProductValidatorTests.NameValidationErrors(nameToValidate: &quot;&quot;, errorMessage: &quot;Name is required.&quot;)" storage="d:\github\automation-testing-strategies-aspnet\tests\carvedrock.innerloop.tests\bin\release\net10.0\carvedrock.innerloop.tests.dll" id="f6902c4d-cc38-cc75-76e0-84a35356d71a">
      <Execution id="49d5866b-da8e-4f17-8734-a21c352d7ed7" />
      <TestMethod codeBase="D:\GitHub\automation-testing-strategies-aspnet\tests\CarvedRock.InnerLoop.Tests\bin\Release\net10.0\CarvedRock.InnerLoop.Tests.dll" adapterTypeName="executor://xunit/VsTestRunner2/netcoreapp" className="CarvedRock.InnerLoop.Tests.ProductValidatorTests" name="NameValidationErrors" />
    </UnitTest>
  </TestDefinitions>
  <TestEntries>
    <TestEntry testId="b225778c-3bab-05ee-71f4-22b0244ac9f2" executionId="1c8917fc-ce1d-44b9-ac68-d2619e8998a8" testListId="8c84fa94-04c1-424b-9868-57a2d4851a1d" />
    <TestEntry testId="7c636bca-fb8b-c61c-4038-3f81131af663" executionId="3a51639e-d224-4732-8e3c-d413083266cd" testListId="8c84fa94-04c1-424b-9868-57a2d4851a1d" />
    <TestEntry testId="48160ddc-3481-272a-d2c5-5726ea9fd586" executionId="0e4e00dc-e435-47ab-920f-e59399ba4fca" testListId="8c84fa94-04c1-424b-9868-57a2d4851a1d" />
    <TestEntry testId="1dc27a61-d953-a05f-ffbe-8f19d715692a" executionId="10e17df9-e79b-4888-9bfa-87a6a415c2e1" testListId="8c84fa94-04c1-424b-9868-57a2d4851a1d" />
    <TestEntry testId="de66b68a-17ed-0c82-30ba-09d73ff176e8" executionId="8a8f9314-049e-4c5b-8792-8159bc6a9e94" testListId="8c84fa94-04c1-424b-9868-57a2d4851a1d" />
    <TestEntry testId="b2e74274-143a-e78b-0f45-1aafd8dfcc57" executionId="3dce5276-f556-4071-8b17-9ed0ab556fce" testListId="8c84fa94-04c1-424b-9868-57a2d4851a1d" />
    <TestEntry testId="a3cb8e5b-f4d6-d0f7-e67c-04cc061632d5" executionId="9cab5a6a-dbd9-4e0f-a014-c36488fec0ac" testListId="8c84fa94-04c1-424b-9868-57a2d4851a1d" />
    <TestEntry testId="01b06887-16b2-b82f-c008-8cbe493950ba" executionId="c5581ffc-e06b-4ac6-a897-19317facb6ed" testListId="8c84fa94-04c1-424b-9868-57a2d4851a1d" />
    <TestEntry testId="b402b5e4-1e46-77c2-c825-4e47865fa10e" executionId="c6afad6d-0cb3-44c2-9d38-d0e0b30429c3" testListId="8c84fa94-04c1-424b-9868-57a2d4851a1d" />
    <TestEntry testId="6a4b37e7-71f3-f3dd-08d3-97a8ad590082" executionId="b23d2ccf-d9ad-483c-965a-72863ff07341" testListId="8c84fa94-04c1-424b-9868-57a2d4851a1d" />
    <TestEntry testId="8474db9f-4574-af2b-c0dd-278ee6cab532" executionId="28e3fe66-daf9-4a05-a23c-a80ebfabfe0e" testListId="8c84fa94-04c1-424b-9868-57a2d4851a1d" />
    <TestEntry testId="5740eefa-9329-a656-b0d7-542aea801b3f" executionId="f8d5ddb0-408e-4676-902a-25cc603ff6a7" testListId="8c84fa94-04c1-424b-9868-57a2d4851a1d" />
    <TestEntry testId="39fa1372-6e10-0ea8-1371-0d9e1d032478" executionId="e610a71a-c39b-409d-be40-1acb7724b9bd" testListId="8c84fa94-04c1-424b-9868-57a2d4851a1d" />
    <TestEntry testId="cbca7bcf-ff69-3d67-d0c1-d2cf319f892a" executionId="d975aa89-e27b-4ff7-bffe-78281c007522" testListId="8c84fa94-04c1-424b-9868-57a2d4851a1d" />
    <TestEntry testId="ce03cc8c-7f7c-fda7-0007-5174103b8c9e" executionId="85f4be80-ebe9-438d-ac49-2d26dd0424a8" testListId="8c84fa94-04c1-424b-9868-57a2d4851a1d" />
    <TestEntry testId="83bf3aaa-54bd-43f9-3422-312af241ac46" executionId="bba6dcc0-a052-45d2-9fc2-ce968af0edc2" testListId="8c84fa94-04c1-424b-9868-57a2d4851a1d" />
    <TestEntry testId="f6902c4d-cc38-cc75-76e0-84a35356d71a" executionId="49d5866b-da8e-4f17-8734-a21c352d7ed7" testListId="8c84fa94-04c1-424b-9868-57a2d4851a1d" />
    <TestEntry testId="1b0722ee-f676-0a42-2d03-327ae8b7ea28" executionId="d2eba61f-0f4f-438f-8fc4-f9e4e1c01c78" testListId="8c84fa94-04c1-424b-9868-57a2d4851a1d" />
    <TestEntry testId="dcb52ae9-f4e7-041e-d16d-b4a681f97298" executionId="d658fdb8-9034-42c8-bf90-9d14ce9489d2" testListId="8c84fa94-04c1-424b-9868-57a2d4851a1d" />
    <TestEntry testId="f41c7217-e34a-edcc-f817-5e5eadcfd5b4" executionId="3501ed09-bbd7-45cc-9e2a-4227f4e7521b" testListId="8c84fa94-04c1-424b-9868-57a2d4851a1d" />
    <TestEntry testId="7d0b25b4-7b0e-15bd-be89-0309da50a190" executionId="b82d4c13-c204-4e7f-ba1b-9703547fd56a" testListId="8c84fa94-04c1-424b-9868-57a2d4851a1d" />
    <TestEntry testId="171c70e8-0a91-0927-dc60-7ca5df1f8fe8" executionId="f5d80709-ca22-4f79-95ea-2c8f2a5193b0" testListId="8c84fa94-04c1-424b-9868-57a2d4851a1d" />
    <TestEntry testId="eb6c78f1-3c98-a96a-5bcc-159ff1f90919" executionId="4365810e-d778-4f25-be32-515422c1e2bc" testListId="8c84fa94-04c1-424b-9868-57a2d4851a1d" />
    <TestEntry testId="18893ff5-b14e-b050-8c1a-1fdcae8504dc" executionId="630993b8-5aa6-43f0-ab25-acc8da190083" testListId="8c84fa94-04c1-424b-9868-57a2d4851a1d" />
    <TestEntry testId="e4114b6e-ea01-ddae-c69c-a4a5210cded4" executionId="8db59610-2e42-4d89-91c0-78340a631244" testListId="8c84fa94-04c1-424b-9868-57a2d4851a1d" />
    <TestEntry testId="5398d183-5b2c-e11b-2dbe-9b7560cbf4c5" executionId="6acf4fff-e844-4d97-87ba-8796948e2afd" testListId="8c84fa94-04c1-424b-9868-57a2d4851a1d" />
    <TestEntry testId="2769e2e8-3e53-4517-3ab9-3654b2047110" executionId="266a8e76-b1ce-43ee-a3d9-dc8e88b738f1" testListId="8c84fa94-04c1-424b-9868-57a2d4851a1d" />
    <TestEntry testId="3219df2b-0dc2-c823-37fb-b8f404150047" executionId="fab036fc-d7c5-455a-8bf8-2dbae7965659" testListId="8c84fa94-04c1-424b-9868-57a2d4851a1d" />
    <TestEntry testId="d07f0afc-5fc7-b1b3-70be-70fa050c17f6" executionId="b29936b0-553d-441a-80c2-45afb53f59a1" testListId="8c84fa94-04c1-424b-9868-57a2d4851a1d" />
    <TestEntry testId="6f07098e-fb7f-d085-46ef-7aad038db02b" executionId="55e81c7d-d849-4dcd-a63e-1ec6228333a4" testListId="8c84fa94-04c1-424b-9868-57a2d4851a1d" />
    <TestEntry testId="318fc698-0947-818d-7f9e-e3b1921cd20a" executionId="d774155b-8894-4aa7-9414-accb8b08ced2" testListId="8c84fa94-04c1-424b-9868-57a2d4851a1d" />
    <TestEntry testId="4110f6cf-4e51-8e7c-ee6b-8b413a6098d9" executionId="864c3c44-6075-4dcf-aa25-aae0e6c60cd3" testListId="8c84fa94-04c1-424b-9868-57a2d4851a1d" />
    <TestEntry testId="77fb3abb-fbdb-b093-5afc-621a00bd5484" executionId="1e013622-5161-4a94-ab1b-dc5c104fb00b" testListId="8c84fa94-04c1-424b-9868-57a2d4851a1d" />
    <TestEntry testId="8967be13-ea47-0c5a-e4d1-a29a0944263d" executionId="4d8ee898-5d2b-46e7-94d3-f9582a08cffb" testListId="8c84fa94-04c1-424b-9868-57a2d4851a1d" />
    <TestEntry testId="867a11ff-1d96-49b0-5933-018e33e5e9f2" executionId="dde844f4-0270-4520-91dc-0823392cb064" testListId="8c84fa94-04c1-424b-9868-57a2d4851a1d" />
    <TestEntry testId="f532e722-49c0-b442-417c-d7ebf01cb10b" executionId="6696bdde-5e04-4b06-b4b8-f268c3881ac3" testListId="8c84fa94-04c1-424b-9868-57a2d4851a1d" />
  </TestEntries>
  <TestLists>
    <TestList name="Results Not in a List" id="8c84fa94-04c1-424b-9868-57a2d4851a1d" />
    <TestList name="All Loaded Results" id="19431567-8539-422a-85d7-44ee4e166bda" />
  </TestLists>
  <ResultSummary outcome="Completed">
    <Counters total="36" executed="36" passed="36" failed="0" error="0" timeout="0" aborted="0" inconclusive="0" passedButRunAborted="0" notRunnable="0" notExecuted="0" disconnected="0" warning="0" completed="0" inProgress="0" pending="0" />
    <Output>
      <StdOut>[xUnit.net 00:00:00.00] xUnit.net VSTest Adapter v2.5.7+8f2703126a (64-bit .NET 10.0.12)&#xD;
[xUnit.net 00:00:00.19]   Discovering: CarvedRock.InnerLoop.Tests&#xD;
[xUnit.net 00:00:00.29]   Discovered:  CarvedRock.InnerLoop.Tests&#xD;
[xUnit.net 00:00:00.29]   Starting:    CarvedRock.InnerLoop.Tests&#xD;
[xUnit.net 00:00:03.58]   Finished:    CarvedRock.InnerLoop.Tests&#xD;
</StdOut>
    </Output>
  </ResultSummary>
</TestRun>